TN:
SF:/home/fuzz/project/fuzzing_libtiff/tiff-4.0.4/libtiff/tif_print.c
FN:69,_TIFFPrintField
FNDA:91,_TIFFPrintField
FN:143,_TIFFPrettyPrintField
FNDA:91,_TIFFPrettyPrintField
FN:236,TIFFPrintDirectory
FNDA:38,TIFFPrintDirectory
FN:676,_TIFFprintAscii
FNDA:0,_TIFFprintAscii
FN:682,_TIFFprintAsciiBounded
FNDA:0,_TIFFprintAsciiBounded
FN:702,_TIFFprintAsciiTag
FNDA:0,_TIFFprintAsciiTag
DA:69,91
DA:74,91
DA:76,96
DA:77,91
DA:78,1
DA:79,90
DA:80,0
DA:81,0
DA:82,90
DA:83,0
DA:84,90
DA:85,4
DA:86,86
DA:87,0
DA:88,86
DA:89,0
DA:90,0
DA:91,86
DA:92,0
DA:93,86
DA:94,0
DA:95,0
DA:96,86
DA:97,86
DA:98,86
DA:99,0
DA:100,86
DA:105,0
DA:106,0
DA:108,86
DA:112,0
DA:114,86
DA:119,0
DA:120,0
DA:122,86
DA:123,0
DA:124,86
DA:125,0
DA:126,86
DA:127,86
DA:128,86
DA:131,0
DA:132,0
DA:135,5
DA:136,0
DA:139,91
DA:140,91
DA:143,91
DA:149,91
DA:150,42
DA:153,49
DA:155,0
DA:156,0
DA:157,0
DA:158,0
DA:159,0
DA:160,0
DA:161,0
DA:162,0
DA:163,0
DA:164,0
DA:165,0
DA:166,0
DA:168,0
DA:170,0
DA:172,0
DA:173,0
DA:174,0
DA:175,0
DA:176,0
DA:178,0
DA:180,0
DA:181,0
DA:182,0
DA:183,0
DA:184,0
DA:186,0
DA:188,0
DA:192,0
DA:193,0
DA:194,0
DA:195,0
DA:196,0
DA:198,0
DA:203,0
DA:205,0
DA:206,0
DA:208,0
DA:209,0
DA:211,0
DA:213,0
DA:214,0
DA:216,0
DA:218,0
DA:219,0
DA:220,0
DA:223,0
DA:225,0
DA:228,49
DA:236,38
DA:238,38
DA:248,38
DA:249,38
DA:250,38
DA:252,38
DA:253,3
DA:254,3
DA:255,3
DA:256,1
DA:257,1
DA:259,3
DA:260,2
DA:261,2
DA:263,3
DA:264,1
DA:265,3
DA:266,3
DA:268,38
DA:269,38
DA:270,38
DA:271,38
DA:272,0
DA:273,0
DA:274,38
DA:276,38
DA:277,0
DA:278,0
DA:279,0
DA:280,0
DA:281,0
DA:282,0
DA:284,38
DA:285,9
DA:286,9
DA:287,9
DA:288,5
DA:289,0
DA:290,0
DA:291,0
DA:292,5
DA:293,5
DA:294,5
DA:295,0
DA:296,0
DA:297,0
DA:298,0
DA:299,0
DA:300,0
DA:301,0
DA:302,0
DA:305,9
DA:307,38
DA:308,1
DA:309,1
DA:310,38
DA:311,30
DA:312,38
DA:313,23
DA:314,23
DA:315,0
DA:316,0
DA:317,0
DA:318,1
DA:319,1
DA:320,1
DA:321,21
DA:322,21
DA:323,21
DA:324,1
DA:325,1
DA:326,1
DA:327,0
DA:328,0
DA:329,0
DA:330,0
DA:331,0
DA:332,0
DA:333,0
DA:334,0
DA:335,0
DA:336,0
DA:339,38
DA:340,38
DA:341,38
DA:342,38
DA:343,38
DA:345,0
DA:346,0
DA:348,38
DA:349,19
DA:350,19
DA:351,15
DA:353,4
DA:354,0
DA:355,0
DA:356,0
DA:357,4
DA:358,4
DA:359,4
DA:360,0
DA:361,0
DA:362,0
DA:363,0
DA:367,38
DA:368,8
DA:369,8
DA:370,16
DA:371,8
DA:372,0
DA:373,0
DA:374,0
DA:375,7
DA:376,7
DA:377,7
DA:378,1
DA:379,1
DA:380,1
DA:381,0
DA:382,0
DA:383,0
DA:384,0
DA:386,8
DA:388,8
DA:390,38
DA:392,0
DA:393,0
DA:394,0
DA:395,0
DA:396,0
DA:397,0
DA:398,0
DA:399,0
DA:400,0
DA:401,0
DA:402,0
DA:404,0
DA:406,38
DA:407,0
DA:408,0
DA:409,0
DA:410,0
DA:411,0
DA:412,0
DA:413,0
DA:414,0
DA:415,0
DA:416,0
DA:417,0
DA:418,0
DA:419,0
DA:420,0
DA:421,0
DA:424,38
DA:425,0
DA:426,0
DA:427,0
DA:428,0
DA:429,0
DA:430,0
DA:431,0
DA:432,0
DA:433,0
DA:434,0
DA:435,0
DA:436,0
DA:439,38
DA:441,0
DA:442,0
DA:444,38
DA:445,0
DA:446,0
DA:447,0
DA:448,0
DA:449,0
DA:450,0
DA:451,0
DA:452,0
DA:453,0
DA:454,0
DA:455,0
DA:456,0
DA:459,38
DA:460,0
DA:461,0
DA:462,38
DA:463,0
DA:464,0
DA:465,0
DA:467,0
DA:468,0
DA:470,38
DA:471,19
DA:472,38
DA:473,31
DA:474,31
DA:475,0
DA:477,31
DA:479,38
DA:480,0
DA:481,38
DA:482,0
DA:483,38
DA:484,4
DA:485,4
DA:486,8
DA:487,4
DA:488,4
DA:490,38
DA:491,0
DA:492,0
DA:493,0
DA:494,0
DA:495,0
DA:497,38
DA:498,38
DA:499,38
DA:500,30
DA:501,30
DA:502,30
DA:503,8
DA:504,8
DA:505,8
DA:506,0
DA:507,0
DA:508,0
DA:509,0
DA:512,38
DA:513,6
DA:514,6
DA:515,38
DA:516,18
DA:517,18
DA:518,18
DA:519,18
DA:520,54
DA:521,36
DA:523,36
DA:524,36
DA:525,36
DA:527,0
DA:529,38
DA:530,0
DA:531,0
DA:532,0
DA:533,0
DA:534,0
DA:536,38
DA:537,0
DA:538,0
DA:539,0
DA:540,0
DA:541,0
DA:542,0
DA:543,0
DA:544,0
DA:545,0
DA:546,0
DA:547,0
DA:550,0
DA:552,38
DA:553,0
DA:554,0
DA:559,0
DA:560,0
DA:562,0
DA:572,38
DA:573,129
DA:574,91
DA:577,91
DA:580,91
DA:581,91
DA:582,0
DA:584,91
DA:585,43
DA:586,42
DA:587,0
DA:588,1
DA:590,1
DA:591,0
DA:592,1
DA:594,0
DA:596,0
DA:599,48
DA:600,6
DA:601,42
DA:602,6
DA:603,0
DA:605,6
DA:606,48
DA:607,0
DA:613,0
DA:614,0
DA:615,48
DA:616,0
DA:617,0
DA:618,0
DA:619,0
DA:620,48
DA:621,0
DA:623,0
DA:624,0
DA:625,0
DA:626,0
DA:627,0
DA:628,0
DA:629,0
DA:640,91
DA:641,91
DA:643,91
DA:644,0
DA:648,38
DA:649,8
DA:651,38
DA:653,38
DA:654,38
DA:657,38
DA:658,38
DA:659,38
DA:660,82
DA:667,44
DA:669,44
DA:670,44
DA:673,38
DA:676,0
DA:678,0
DA:679,0
DA:682,0
DA:684,0
DA:687,0
DA:688,0
DA:689,0
DA:691,0
DA:692,0
DA:693,0
DA:694,0
DA:695,0
DA:697,0
DA:699,0
DA:702,0
DA:704,0
DA:705,0
DA:706,0
DA:707,0
end_of_record
TN:
SF:/home/fuzz/project/fuzzing_libtiff/tiff-4.0.4/libtiff/tif_extension.c
FN:36,TIFFGetTagListCount
FNDA:38,TIFFGetTagListCount
FN:44,TIFFGetTagListEntry
FNDA:91,TIFFGetTagListEntry
FN:60,TIFFAccessTagMethods
FNDA:0,TIFFAccessTagMethods
FN:66,TIFFGetClientInfo
FNDA:0,TIFFGetClientInfo
FN:80,TIFFSetClientInfo
FNDA:0,TIFFSetClientInfo
DA:36,38
DA:39,38
DA:41,38
DA:44,91
DA:47,91
DA:49,91
DA:50,0
DA:52,91
DA:60,0
DA:63,0
DA:66,0
DA:69,0
DA:71,0
DA:72,0
DA:74,0
DA:75,0
DA:77,0
DA:80,0
DA:83,0
DA:89,0
DA:90,0
DA:92,0
DA:94,0
DA:95,0
DA:102,0
DA:103,0
DA:104,0
DA:105,0
DA:106,0
DA:107,0
DA:108,0
DA:110,0
end_of_record
TN:
SF:/home/fuzz/project/fuzzing_libtiff/tiff-4.0.4/libtiff/tif_error.c
FN:35,TIFFSetErrorHandler
FNDA:39,TIFFSetErrorHandler
FN:43,TIFFSetErrorHandlerExt
FNDA:0,TIFFSetErrorHandlerExt
FN:51,TIFFError
FNDA:0,TIFFError
FN:63,TIFFErrorExt
FNDA:28,TIFFErrorExt
DA:35,39
DA:37,39
DA:38,39
DA:39,39
DA:43,0
DA:45,0
DA:46,0
DA:47,0
DA:51,0
DA:54,0
DA:55,0
DA:56,0
DA:57,0
DA:58,0
DA:59,0
DA:60,0
DA:63,28
DA:66,28
DA:67,28
DA:68,28
DA:69,28
DA:70,0
DA:71,28
DA:72,28
end_of_record
TN:
SF:/home/fuzz/project/fuzzing_libtiff/tiff-4.0.4/libtiff/tif_dirread.c
FN:181,TIFFReadUInt64
FNDA:0,TIFFReadUInt64
FN:197,TIFFReadDirEntryByte
FNDA:0,TIFFReadDirEntryByte
FN:286,TIFFReadDirEntryShort
FNDA:208,TIFFReadDirEntryShort
FN:372,TIFFReadDirEntryLong
FNDA:109,TIFFReadDirEntryLong
FN:455,TIFFReadDirEntryLong8
FNDA:0,TIFFReadDirEntryLong8
FN:533,TIFFReadDirEntryFloat
FNDA:0,TIFFReadDirEntryFloat
FN:644,TIFFReadDirEntryDouble
FNDA:19,TIFFReadDirEntryDouble
FN:741,TIFFReadDirEntryIfd8
FNDA:0,TIFFReadDirEntryIfd8
FN:765,TIFFReadDirEntryArray
FNDA:235,TIFFReadDirEntryArray
FN:834,TIFFReadDirEntryByteArray
FNDA:98,TIFFReadDirEntryByteArray
FN:1015,TIFFReadDirEntrySbyteArray
FNDA:0,TIFFReadDirEntrySbyteArray
FN:1194,TIFFReadDirEntryShortArray
FNDA:61,TIFFReadDirEntryShortArray
FN:1366,TIFFReadDirEntrySshortArray
FNDA:0,TIFFReadDirEntrySshortArray
FN:1533,TIFFReadDirEntryLongArray
FNDA:0,TIFFReadDirEntryLongArray
FN:1702,TIFFReadDirEntrySlongArray
FNDA:0,TIFFReadDirEntrySlongArray
FN:1863,TIFFReadDirEntryLong8Array
FNDA:70,TIFFReadDirEntryLong8Array
FN:2029,TIFFReadDirEntrySlong8Array
FNDA:1,TIFFReadDirEntrySlong8Array
FN:2179,TIFFReadDirEntryFloatArray
FNDA:1,TIFFReadDirEntryFloatArray
FN:2417,TIFFReadDirEntryDoubleArray
FNDA:4,TIFFReadDirEntryDoubleArray
FN:2654,TIFFReadDirEntryIfd8Array
FNDA:4,TIFFReadDirEntryIfd8Array
FN:2715,TIFFReadDirEntryPersampleShort
FNDA:21,TIFFReadDirEntryPersampleShort
FN:2773,TIFFReadDirEntryCheckedByte
FNDA:0,TIFFReadDirEntryCheckedByte
FN:2779,TIFFReadDirEntryCheckedSbyte
FNDA:0,TIFFReadDirEntryCheckedSbyte
FN:2785,TIFFReadDirEntryCheckedShort
FNDA:263,TIFFReadDirEntryCheckedShort
FN:2793,TIFFReadDirEntryCheckedSshort
FNDA:0,TIFFReadDirEntryCheckedSshort
FN:2800,TIFFReadDirEntryCheckedLong
FNDA:18,TIFFReadDirEntryCheckedLong
FN:2807,TIFFReadDirEntryCheckedSlong
FNDA:0,TIFFReadDirEntryCheckedSlong
FN:2814,TIFFReadDirEntryCheckedLong8
FNDA:0,TIFFReadDirEntryCheckedLong8
FN:2833,TIFFReadDirEntryCheckedSlong8
FNDA:0,TIFFReadDirEntryCheckedSlong8
FN:2852,TIFFReadDirEntryCheckedRational
FNDA:18,TIFFReadDirEntryCheckedRational
FN:2880,TIFFReadDirEntryCheckedSrational
FNDA:0,TIFFReadDirEntryCheckedSrational
FN:2908,TIFFReadDirEntryCheckedFloat
FNDA:0,TIFFReadDirEntryCheckedFloat
FN:2924,TIFFReadDirEntryCheckedDouble
FNDA:0,TIFFReadDirEntryCheckedDouble
FN:2950,TIFFReadDirEntryCheckRangeByteSbyte
FNDA:0,TIFFReadDirEntryCheckRangeByteSbyte
FN:2958,TIFFReadDirEntryCheckRangeByteShort
FNDA:4,TIFFReadDirEntryCheckRangeByteShort
FN:2966,TIFFReadDirEntryCheckRangeByteSshort
FNDA:0,TIFFReadDirEntryCheckRangeByteSshort
FN:2974,TIFFReadDirEntryCheckRangeByteLong
FNDA:4,TIFFReadDirEntryCheckRangeByteLong
FN:2982,TIFFReadDirEntryCheckRangeByteSlong
FNDA:0,TIFFReadDirEntryCheckRangeByteSlong
FN:2990,TIFFReadDirEntryCheckRangeByteLong8
FNDA:0,TIFFReadDirEntryCheckRangeByteLong8
FN:2998,TIFFReadDirEntryCheckRangeByteSlong8
FNDA:0,TIFFReadDirEntryCheckRangeByteSlong8
FN:3006,TIFFReadDirEntryCheckRangeSbyteByte
FNDA:0,TIFFReadDirEntryCheckRangeSbyteByte
FN:3014,TIFFReadDirEntryCheckRangeSbyteShort
FNDA:0,TIFFReadDirEntryCheckRangeSbyteShort
FN:3022,TIFFReadDirEntryCheckRangeSbyteSshort
FNDA:0,TIFFReadDirEntryCheckRangeSbyteSshort
FN:3030,TIFFReadDirEntryCheckRangeSbyteLong
FNDA:0,TIFFReadDirEntryCheckRangeSbyteLong
FN:3038,TIFFReadDirEntryCheckRangeSbyteSlong
FNDA:0,TIFFReadDirEntryCheckRangeSbyteSlong
FN:3046,TIFFReadDirEntryCheckRangeSbyteLong8
FNDA:0,TIFFReadDirEntryCheckRangeSbyteLong8
FN:3054,TIFFReadDirEntryCheckRangeSbyteSlong8
FNDA:0,TIFFReadDirEntryCheckRangeSbyteSlong8
FN:3062,TIFFReadDirEntryCheckRangeShortSbyte
FNDA:0,TIFFReadDirEntryCheckRangeShortSbyte
FN:3070,TIFFReadDirEntryCheckRangeShortSshort
FNDA:0,TIFFReadDirEntryCheckRangeShortSshort
FN:3078,TIFFReadDirEntryCheckRangeShortLong
FNDA:17,TIFFReadDirEntryCheckRangeShortLong
FN:3086,TIFFReadDirEntryCheckRangeShortSlong
FNDA:0,TIFFReadDirEntryCheckRangeShortSlong
FN:3094,TIFFReadDirEntryCheckRangeShortLong8
FNDA:0,TIFFReadDirEntryCheckRangeShortLong8
FN:3102,TIFFReadDirEntryCheckRangeShortSlong8
FNDA:0,TIFFReadDirEntryCheckRangeShortSlong8
FN:3110,TIFFReadDirEntryCheckRangeSshortShort
FNDA:0,TIFFReadDirEntryCheckRangeSshortShort
FN:3118,TIFFReadDirEntryCheckRangeSshortLong
FNDA:0,TIFFReadDirEntryCheckRangeSshortLong
FN:3126,TIFFReadDirEntryCheckRangeSshortSlong
FNDA:0,TIFFReadDirEntryCheckRangeSshortSlong
FN:3134,TIFFReadDirEntryCheckRangeSshortLong8
FNDA:0,TIFFReadDirEntryCheckRangeSshortLong8
FN:3142,TIFFReadDirEntryCheckRangeSshortSlong8
FNDA:0,TIFFReadDirEntryCheckRangeSshortSlong8
FN:3150,TIFFReadDirEntryCheckRangeLongSbyte
FNDA:0,TIFFReadDirEntryCheckRangeLongSbyte
FN:3158,TIFFReadDirEntryCheckRangeLongSshort
FNDA:0,TIFFReadDirEntryCheckRangeLongSshort
FN:3166,TIFFReadDirEntryCheckRangeLongSlong
FNDA:0,TIFFReadDirEntryCheckRangeLongSlong
FN:3184,TIFFReadDirEntryCheckRangeLongLong8
FNDA:0,TIFFReadDirEntryCheckRangeLongLong8
FN:3193,TIFFReadDirEntryCheckRangeLongSlong8
FNDA:0,TIFFReadDirEntryCheckRangeLongSlong8
FN:3204,TIFFReadDirEntryCheckRangeSlongLong
FNDA:0,TIFFReadDirEntryCheckRangeSlongLong
FN:3213,TIFFReadDirEntryCheckRangeSlongLong8
FNDA:0,TIFFReadDirEntryCheckRangeSlongLong8
FN:3222,TIFFReadDirEntryCheckRangeSlongSlong8
FNDA:0,TIFFReadDirEntryCheckRangeSlongSlong8
FN:3231,TIFFReadDirEntryCheckRangeLong8Sbyte
FNDA:2,TIFFReadDirEntryCheckRangeLong8Sbyte
FN:3240,TIFFReadDirEntryCheckRangeLong8Sshort
FNDA:0,TIFFReadDirEntryCheckRangeLong8Sshort
FN:3249,TIFFReadDirEntryCheckRangeLong8Slong
FNDA:0,TIFFReadDirEntryCheckRangeLong8Slong
FN:3258,TIFFReadDirEntryCheckRangeLong8Slong8
FNDA:0,TIFFReadDirEntryCheckRangeLong8Slong8
FN:3276,TIFFReadDirEntryCheckRangeSlong8Long8
FNDA:0,TIFFReadDirEntryCheckRangeSlong8Long8
FN:3287,TIFFReadDirEntryData
FNDA:147,TIFFReadDirEntryData
FN:3311,TIFFReadDirEntryOutputErr
FNDA:54,TIFFReadDirEntryOutputErr
FN:3403,TIFFReadDirectory
FNDA:76,TIFFReadDirectory
FN:4085,TIFFReadDirectoryCheckOrder
FNDA:39,TIFFReadDirectoryCheckOrder
FN:4105,TIFFReadDirectoryFindEntry
FNDA:78,TIFFReadDirectoryFindEntry
FN:4119,TIFFReadDirectoryFindFieldInfo
FNDA:1012,TIFFReadDirectoryFindFieldInfo
FN:4155,TIFFReadCustomDirectory
FNDA:0,TIFFReadCustomDirectory
FN:4262,TIFFReadEXIFDirectory
FNDA:0,TIFFReadEXIFDirectory
FN:4270,EstimateStripByteCounts
FNDA:7,EstimateStripByteCounts
FN:4356,MissingRequired
FNDA:1,MissingRequired
FN:4372,TIFFCheckDirOffset
FNDA:76,TIFFCheckDirOffset
FN:4419,CheckDirCount
FNDA:0,CheckDirCount
FN:4446,TIFFFetchDirectory
FNDA:50,TIFFFetchDirectory
FN:4702,TIFFFetchNormalTag
FNDA:380,TIFFFetchNormalTag
FN:5376,TIFFFetchStripThing
FNDA:70,TIFFFetchStripThing
FN:5414,TIFFFetchSubjectDistance
FNDA:0,TIFFFetchSubjectDistance
FN:5475,ChopUpSingleUncompressedStrip
FNDA:0,ChopUpSingleUncompressedStrip
FN:5565,_TIFFFillStriles
FNDA:153,_TIFFFillStriles
DA:181,0
DA:185,0
DA:186,0
DA:187,0
DA:188,0
DA:189,0
DA:190,0
DA:191,0
DA:192,0
DA:194,0
DA:197,0
DA:200,0
DA:201,0
DA:202,0
DA:204,0
DA:205,0
DA:206,0
DA:207,0
DA:210,0
DA:211,0
DA:212,0
DA:213,0
DA:214,0
DA:215,0
DA:217,0
DA:220,0
DA:221,0
DA:222,0
DA:223,0
DA:224,0
DA:225,0
DA:227,0
DA:230,0
DA:231,0
DA:232,0
DA:233,0
DA:234,0
DA:235,0
DA:237,0
DA:240,0
DA:241,0
DA:242,0
DA:243,0
DA:244,0
DA:245,0
DA:247,0
DA:250,0
DA:251,0
DA:252,0
DA:253,0
DA:254,0
DA:255,0
DA:257,0
DA:260,0
DA:261,0
DA:262,0
DA:263,0
DA:264,0
DA:265,0
DA:266,0
DA:267,0
DA:269,0
DA:272,0
DA:273,0
DA:274,0
DA:275,0
DA:276,0
DA:277,0
DA:278,0
DA:279,0
DA:281,0
DA:282,0
DA:286,208
DA:289,208
DA:290,37
DA:291,171
DA:293,0
DA:296,0
DA:297,0
DA:298,0
DA:300,0
DA:303,0
DA:304,0
DA:305,0
DA:306,0
DA:307,0
DA:308,0
DA:310,155
DA:311,155
DA:312,155
DA:313,0
DA:316,0
DA:317,0
DA:318,0
DA:319,0
DA:320,0
DA:321,0
DA:323,16
DA:326,16
DA:327,16
DA:328,16
DA:329,16
DA:330,0
DA:331,0
DA:333,0
DA:336,0
DA:337,0
DA:338,0
DA:339,0
DA:340,0
DA:341,0
DA:343,0
DA:346,0
DA:347,0
DA:348,0
DA:349,0
DA:350,0
DA:351,0
DA:352,0
DA:353,0
DA:355,0
DA:358,0
DA:359,0
DA:360,0
DA:361,0
DA:362,0
DA:363,0
DA:364,0
DA:365,0
DA:367,0
DA:368,0
DA:372,109
DA:375,109
DA:376,0
DA:377,109
DA:379,0
DA:382,0
DA:383,0
DA:384,0
DA:386,0
DA:389,0
DA:390,0
DA:391,0
DA:392,0
DA:393,0
DA:394,0
DA:396,107
DA:399,107
DA:400,107
DA:401,107
DA:403,0
DA:406,0
DA:407,0
DA:408,0
DA:409,0
DA:410,0
DA:411,0
DA:413,2
DA:414,2
DA:415,2
DA:416,0
DA:419,0
DA:420,0
DA:421,0
DA:422,0
DA:423,0
DA:424,0
DA:426,0
DA:429,0
DA:430,0
DA:431,0
DA:432,0
DA:433,0
DA:434,0
DA:435,0
DA:436,0
DA:438,0
DA:441,0
DA:442,0
DA:443,0
DA:444,0
DA:445,0
DA:446,0
DA:447,0
DA:448,0
DA:450,0
DA:451,0
DA:455,0
DA:458,0
DA:459,0
DA:460,0
DA:462,0
DA:465,0
DA:466,0
DA:467,0
DA:469,0
DA:472,0
DA:473,0
DA:474,0
DA:475,0
DA:476,0
DA:477,0
DA:479,0
DA:482,0
DA:483,0
DA:484,0
DA:486,0
DA:489,0
DA:490,0
DA:491,0
DA:492,0
DA:493,0
DA:494,0
DA:496,0
DA:499,0
DA:500,0
DA:501,0
DA:503,0
DA:506,0
DA:507,0
DA:508,0
DA:509,0
DA:510,0
DA:511,0
DA:513,0
DA:514,0
DA:515,0
DA:516,0
DA:519,0
DA:520,0
DA:521,0
DA:522,0
DA:523,0
DA:524,0
DA:525,0
DA:526,0
DA:528,0
DA:529,0
DA:533,0
DA:536,0
DA:537,0
DA:538,0
DA:540,0
DA:543,0
DA:544,0
DA:545,0
DA:547,0
DA:550,0
DA:551,0
DA:552,0
DA:554,0
DA:557,0
DA:558,0
DA:559,0
DA:561,0
DA:564,0
DA:565,0
DA:566,0
DA:568,0
DA:571,0
DA:572,0
DA:573,0
DA:575,0
DA:578,0
DA:579,0
DA:580,0
DA:582,0
DA:585,0
DA:586,0
DA:587,0
DA:596,0
DA:598,0
DA:600,0
DA:603,0
DA:604,0
DA:605,0
DA:606,0
DA:607,0
DA:609,0
DA:612,0
DA:613,0
DA:614,0
DA:615,0
DA:616,0
DA:618,0
DA:621,0
DA:622,0
DA:623,0
DA:624,0
DA:625,0
DA:627,0
DA:628,0
DA:629,0
DA:630,0
DA:633,0
DA:634,0
DA:635,0
DA:636,0
DA:637,0
DA:639,0
DA:640,0
DA:644,19
DA:647,19
DA:648,0
DA:649,19
DA:651,0
DA:654,0
DA:655,0
DA:656,0
DA:658,0
DA:661,0
DA:662,0
DA:663,0
DA:665,1
DA:668,1
DA:669,1
DA:670,1
DA:672,0
DA:675,0
DA:676,0
DA:677,0
DA:679,0
DA:682,0
DA:683,0
DA:684,0
DA:686,0
DA:689,0
DA:690,0
DA:691,0
DA:693,0
DA:696,0
DA:697,0
DA:698,0
DA:707,0
DA:709,0
DA:711,0
DA:714,0
DA:715,0
DA:716,0
DA:717,0
DA:718,0
DA:720,18
DA:721,18
DA:722,18
DA:723,0
DA:724,0
DA:725,0
DA:726,0
DA:729,0
DA:730,0
DA:731,0
DA:733,0
DA:734,0
DA:735,0
DA:736,0
DA:737,0
DA:741,0
DA:744,0
DA:745,0
DA:746,0
DA:748,0
DA:752,0
DA:753,0
DA:754,0
DA:756,0
DA:758,0
DA:759,0
DA:760,0
DA:761,0
DA:765,235
DA:770,235
DA:771,235
DA:773,0
DA:774,0
DA:783,235
DA:784,1
DA:785,234
DA:786,0
DA:788,234
DA:789,234
DA:790,234
DA:791,234
DA:792,234
DA:793,0
DA:794,234
DA:796,234
DA:797,105
DA:801,129
DA:802,129
DA:803,70
DA:804,129
DA:805,129
DA:807,9
DA:808,9
DA:814,0
DA:815,0
DA:819,0
DA:820,0
DA:821,0
DA:822,0
DA:823,0
DA:825,0
DA:826,0
DA:830,225
DA:831,225
DA:834,98
DA:840,98
DA:842,98
DA:852,98
DA:853,0
DA:854,0
DA:856,98
DA:857,98
DA:859,5
DA:860,5
DA:862,93
DA:864,85
DA:867,85
DA:868,85
DA:869,0
DA:873,0
DA:874,0
DA:876,0
DA:877,0
DA:879,0
DA:880,0
DA:882,0
DA:884,0
DA:885,0
DA:888,8
DA:889,8
DA:891,0
DA:892,0
DA:894,8
DA:896,4
DA:901,4
DA:902,4
DA:903,6
DA:905,4
DA:906,4
DA:907,4
DA:908,4
DA:909,2
DA:910,2
DA:913,4
DA:914,0
DA:919,0
DA:920,0
DA:921,0
DA:923,0
DA:924,0
DA:925,0
DA:926,0
DA:927,0
DA:928,0
DA:931,0
DA:932,4
DA:937,4
DA:938,4
DA:939,4
DA:941,4
DA:942,1
DA:943,4
DA:944,4
DA:945,4
DA:946,0
DA:949,4
DA:950,0
DA:955,0
DA:956,0
DA:957,0
DA:959,0
DA:960,0
DA:961,0
DA:962,0
DA:963,0
DA:964,0
DA:967,0
DA:968,0
DA:973,0
DA:974,0
DA:975,0
DA:977,0
DA:978,0
DA:979,0
DA:980,0
DA:981,0
DA:982,0
DA:985,0
DA:986,0
DA:991,0
DA:992,0
DA:993,0
DA:995,0
DA:996,0
DA:997,0
DA:998,0
DA:999,0
DA:1000,0
DA:1003,0
DA:1005,8
DA:1006,8
DA:1008,6
DA:1009,6
DA:1011,2
DA:1012,2
DA:1015,0
DA:1021,0
DA:1023,0
DA:1032,0
DA:1033,0
DA:1034,0
DA:1036,0
DA:1037,0
DA:1039,0
DA:1040,0
DA:1042,0
DA:1044,0
DA:1049,0
DA:1050,0
DA:1052,0
DA:1053,0
DA:1055,0
DA:1056,0
DA:1058,0
DA:1060,0
DA:1061,0
DA:1063,0
DA:1064,0
DA:1065,0
DA:1067,0
DA:1068,0
DA:1070,0
DA:1071,0
DA:1073,0
DA:1075,0
DA:1080,0
DA:1081,0
DA:1082,0
DA:1084,0
DA:1085,0
DA:1086,0
DA:1087,0
DA:1088,0
DA:1089,0
DA:1092,0
DA:1093,0
DA:1098,0
DA:1099,0
DA:1100,0
DA:1102,0
DA:1103,0
DA:1104,0
DA:1105,0
DA:1106,0
DA:1107,0
DA:1110,0
DA:1111,0
DA:1116,0
DA:1117,0
DA:1118,0
DA:1120,0
DA:1121,0
DA:1122,0
DA:1123,0
DA:1124,0
DA:1125,0
DA:1128,0
DA:1129,0
DA:1134,0
DA:1135,0
DA:1136,0
DA:1138,0
DA:1139,0
DA:1140,0
DA:1141,0
DA:1142,0
DA:1143,0
DA:1146,0
DA:1147,0
DA:1152,0
DA:1153,0
DA:1154,0
DA:1156,0
DA:1157,0
DA:1158,0
DA:1159,0
DA:1160,0
DA:1161,0
DA:1164,0
DA:1165,0
DA:1170,0
DA:1171,0
DA:1172,0
DA:1174,0
DA:1175,0
DA:1176,0
DA:1177,0
DA:1178,0
DA:1179,0
DA:1182,0
DA:1184,0
DA:1185,0
DA:1187,0
DA:1188,0
DA:1190,0
DA:1191,0
DA:1194,61
DA:1200,61
DA:1202,61
DA:1210,61
DA:1211,0
DA:1212,0
DA:1214,61
DA:1215,61
DA:1217,3
DA:1218,3
DA:1220,58
DA:1222,57
DA:1223,57
DA:1224,57
DA:1225,29
DA:1226,57
DA:1227,0
DA:1231,0
DA:1232,0
DA:1234,0
DA:1235,0
DA:1236,0
DA:1237,0
DA:1239,0
DA:1240,0
DA:1242,0
DA:1244,0
DA:1245,0
DA:1248,1
DA:1249,1
DA:1251,0
DA:1252,0
DA:1254,1
DA:1256,0
DA:1261,0
DA:1262,0
DA:1263,0
DA:1264,0
DA:1266,0
DA:1267,0
DA:1272,0
DA:1273,0
DA:1274,0
DA:1276,0
DA:1277,0
DA:1278,0
DA:1279,0
DA:1282,0
DA:1283,1
DA:1288,1
DA:1289,1
DA:1290,1
DA:1292,1
DA:1293,1
DA:1294,1
DA:1295,1
DA:1296,1
DA:1297,0
DA:1300,1
DA:1301,0
DA:1306,0
DA:1307,0
DA:1308,0
DA:1310,0
DA:1311,0
DA:1312,0
DA:1313,0
DA:1314,0
DA:1315,0
DA:1318,0
DA:1319,0
DA:1324,0
DA:1325,0
DA:1326,0
DA:1328,0
DA:1329,0
DA:1330,0
DA:1331,0
DA:1332,0
DA:1333,0
DA:1336,0
DA:1337,0
DA:1342,0
DA:1343,0
DA:1344,0
DA:1346,0
DA:1347,0
DA:1348,0
DA:1349,0
DA:1350,0
DA:1351,0
DA:1354,0
DA:1356,1
DA:1357,1
DA:1359,1
DA:1360,1
DA:1362,0
DA:1363,0
DA:1366,0
DA:1372,0
DA:1374,0
DA:1382,0
DA:1383,0
DA:1384,0
DA:1386,0
DA:1387,0
DA:1389,0
DA:1390,0
DA:1392,0
DA:1394,0
DA:1398,0
DA:1399,0
DA:1401,0
DA:1402,0
DA:1403,0
DA:1404,0
DA:1406,0
DA:1407,0
DA:1409,0
DA:1411,0
DA:1412,0
DA:1414,0
DA:1415,0
DA:1416,0
DA:1417,0
DA:1418,0
DA:1420,0
DA:1421,0
DA:1423,0
DA:1424,0
DA:1426,0
DA:1428,0
DA:1433,0
DA:1434,0
DA:1435,0
DA:1436,0
DA:1438,0
DA:1439,0
DA:1444,0
DA:1445,0
DA:1446,0
DA:1447,0
DA:1449,0
DA:1450,0
DA:1455,0
DA:1456,0
DA:1457,0
DA:1459,0
DA:1460,0
DA:1461,0
DA:1462,0
DA:1463,0
DA:1464,0
DA:1467,0
DA:1468,0
DA:1473,0
DA:1474,0
DA:1475,0
DA:1477,0
DA:1478,0
DA:1479,0
DA:1480,0
DA:1481,0
DA:1482,0
DA:1485,0
DA:1486,0
DA:1491,0
DA:1492,0
DA:1493,0
DA:1495,0
DA:1496,0
DA:1497,0
DA:1498,0
DA:1499,0
DA:1500,0
DA:1503,0
DA:1504,0
DA:1509,0
DA:1510,0
DA:1511,0
DA:1513,0
DA:1514,0
DA:1515,0
DA:1516,0
DA:1517,0
DA:1518,0
DA:1521,0
DA:1523,0
DA:1524,0
DA:1526,0
DA:1527,0
DA:1529,0
DA:1530,0
DA:1533,0
DA:1539,0
DA:1541,0
DA:1549,0
DA:1550,0
DA:1551,0
DA:1553,0
DA:1554,0
DA:1556,0
DA:1557,0
DA:1559,0
DA:1561,0
DA:1562,0
DA:1563,0
DA:1564,0
DA:1565,0
DA:1566,0
DA:1570,0
DA:1571,0
DA:1573,0
DA:1574,0
DA:1575,0
DA:1576,0
DA:1578,0
DA:1579,0
DA:1581,0
DA:1583,0
DA:1584,0
DA:1587,0
DA:1588,0
DA:1590,0
DA:1591,0
DA:1593,0
DA:1595,0
DA:1600,0
DA:1601,0
DA:1602,0
DA:1603,0
DA:1605,0
DA:1606,0
DA:1611,0
DA:1612,0
DA:1613,0
DA:1615,0
DA:1616,0
DA:1617,0
DA:1618,0
DA:1621,0
DA:1622,0
DA:1627,0
DA:1628,0
DA:1629,0
DA:1631,0
DA:1632,0
DA:1633,0
DA:1636,0
DA:1637,0
DA:1642,0
DA:1643,0
DA:1644,0
DA:1646,0
DA:1647,0
DA:1648,0
DA:1649,0
DA:1650,0
DA:1651,0
DA:1654,0
DA:1655,0
DA:1660,0
DA:1661,0
DA:1662,0
DA:1664,0
DA:1665,0
DA:1666,0
DA:1667,0
DA:1668,0
DA:1669,0
DA:1672,0
DA:1673,0
DA:1678,0
DA:1679,0
DA:1680,0
DA:1682,0
DA:1683,0
DA:1684,0
DA:1685,0
DA:1686,0
DA:1687,0
DA:1690,0
DA:1692,0
DA:1693,0
DA:1695,0
DA:1696,0
DA:1698,0
DA:1699,0
DA:1702,0
DA:1708,0
DA:1710,0
DA:1718,0
DA:1719,0
DA:1720,0
DA:1722,0
DA:1723,0
DA:1725,0
DA:1726,0
DA:1728,0
DA:1730,0
DA:1734,0
DA:1735,0
DA:1737,0
DA:1738,0
DA:1739,0
DA:1740,0
DA:1742,0
DA:1743,0
DA:1745,0
DA:1747,0
DA:1748,0
DA:1750,0
DA:1751,0
DA:1752,0
DA:1753,0
DA:1754,0
DA:1756,0
DA:1757,0
DA:1759,0
DA:1760,0
DA:1762,0
DA:1764,0
DA:1769,0
DA:1770,0
DA:1771,0
DA:1772,0
DA:1774,0
DA:1775,0
DA:1780,0
DA:1781,0
DA:1782,0
DA:1783,0
DA:1785,0
DA:1786,0
DA:1791,0
DA:1792,0
DA:1793,0
DA:1795,0
DA:1796,0
DA:1797,0
DA:1800,0
DA:1801,0
DA:1806,0
DA:1807,0
DA:1808,0
DA:1810,0
DA:1811,0
DA:1812,0
DA:1815,0
DA:1816,0
DA:1821,0
DA:1822,0
DA:1823,0
DA:1825,0
DA:1826,0
DA:1827,0
DA:1828,0
DA:1829,0
DA:1830,0
DA:1833,0
DA:1834,0
DA:1839,0
DA:1840,0
DA:1841,0
DA:1843,0
DA:1844,0
DA:1845,0
DA:1846,0
DA:1847,0
DA:1848,0
DA:1851,0
DA:1853,0
DA:1854,0
DA:1856,0
DA:1857,0
DA:1859,0
DA:1860,0
DA:1863,70
DA:1869,70
DA:1871,70
DA:1879,70
DA:1880,0
DA:1881,0
DA:1883,70
DA:1884,70
DA:1886,0
DA:1887,0
DA:1889,70
DA:1891,0
DA:1892,0
DA:1893,0
DA:1894,0
DA:1895,0
DA:1896,0
DA:1900,0
DA:1901,0
DA:1903,0
DA:1904,0
DA:1905,0
DA:1906,0
DA:1908,0
DA:1909,0
DA:1911,0
DA:1913,0
DA:1914,0
DA:1917,70
DA:1918,70
DA:1920,0
DA:1921,0
DA:1923,70
DA:1925,0
DA:1930,0
DA:1931,0
DA:1932,0
DA:1933,0
DA:1935,0
DA:1936,2
DA:1941,2
DA:1942,2
DA:1943,4
DA:1945,2
DA:1946,2
DA:1947,0
DA:1948,2
DA:1951,2
DA:1952,0
DA:1957,0
DA:1958,0
DA:1959,0
DA:1961,0
DA:1962,0
DA:1963,0
DA:1966,0
DA:1967,0
DA:1972,0
DA:1973,0
DA:1974,0
DA:1976,0
DA:1977,0
DA:1978,0
DA:1979,0
DA:1980,0
DA:1981,0
DA:1984,0
DA:1985,68
DA:1990,68
DA:1991,68
DA:1992,153
DA:1994,85
DA:1995,44
DA:1996,85
DA:1999,68
DA:2000,0
DA:2005,0
DA:2006,0
DA:2007,0
DA:2009,0
DA:2010,0
DA:2011,0
DA:2012,0
DA:2013,0
DA:2014,0
DA:2017,0
DA:2019,70
DA:2020,70
DA:2022,0
DA:2023,0
DA:2025,70
DA:2026,70
DA:2029,1
DA:2035,1
DA:2037,1
DA:2045,1
DA:2046,0
DA:2047,0
DA:2049,1
DA:2050,1
DA:2052,1
DA:2053,1
DA:2055,0
DA:2057,0
DA:2061,0
DA:2062,0
DA:2064,0
DA:2065,0
DA:2066,0
DA:2067,0
DA:2069,0
DA:2070,0
DA:2072,0
DA:2074,0
DA:2075,0
DA:2077,0
DA:2078,0
DA:2079,0
DA:2080,0
DA:2081,0
DA:2083,0
DA:2084,0
DA:2086,0
DA:2087,0
DA:2089,0
DA:2091,0
DA:2096,0
DA:2097,0
DA:2098,0
DA:2099,0
DA:2101,0
DA:2102,0
DA:2107,0
DA:2108,0
DA:2109,0
DA:2110,0
DA:2112,0
DA:2113,0
DA:2118,0
DA:2119,0
DA:2120,0
DA:2122,0
DA:2123,0
DA:2124,0
DA:2127,0
DA:2128,0
DA:2133,0
DA:2134,0
DA:2135,0
DA:2137,0
DA:2138,0
DA:2139,0
DA:2142,0
DA:2143,0
DA:2148,0
DA:2149,0
DA:2150,0
DA:2152,0
DA:2153,0
DA:2154,0
DA:2157,0
DA:2158,0
DA:2163,0
DA:2164,0
DA:2165,0
DA:2167,0
DA:2168,0
DA:2169,0
DA:2172,0
DA:2174,0
DA:2175,0
DA:2176,0
DA:2179,1
DA:2185,1
DA:2187,1
DA:2199,1
DA:2200,0
DA:2201,0
DA:2203,1
DA:2204,1
DA:2206,1
DA:2207,1
DA:2209,0
DA:2211,0
DA:2212,0
DA:2213,0
DA:2215,0
DA:2216,0
DA:2218,0
DA:2219,0
DA:2221,0
DA:2222,0
DA:2224,0
DA:2226,0
DA:2231,0
DA:2232,0
DA:2233,0
DA:2234,0
DA:2236,0
DA:2237,0
DA:2242,0
DA:2243,0
DA:2244,0
DA:2245,0
DA:2247,0
DA:2248,0
DA:2253,0
DA:2254,0
DA:2255,0
DA:2257,0
DA:2258,0
DA:2259,0
DA:2262,0
DA:2263,0
DA:2268,0
DA:2269,0
DA:2270,0
DA:2272,0
DA:2273,0
DA:2274,0
DA:2277,0
DA:2278,0
DA:2283,0
DA:2284,0
DA:2285,0
DA:2287,0
DA:2288,0
DA:2289,0
DA:2292,0
DA:2293,0
DA:2298,0
DA:2299,0
DA:2300,0
DA:2302,0
DA:2303,0
DA:2304,0
DA:2307,0
DA:2308,0
DA:2313,0
DA:2314,0
DA:2315,0
DA:2317,0
DA:2318,0
DA:2327,0
DA:2331,0
DA:2332,0
DA:2337,0
DA:2338,0
DA:2339,0
DA:2341,0
DA:2342,0
DA:2343,0
DA:2346,0
DA:2347,0
DA:2354,0
DA:2355,0
DA:2356,0
DA:2358,0
DA:2359,0
DA:2360,0
DA:2361,0
DA:2362,0
DA:2363,0
DA:2364,0
DA:2365,0
DA:2367,0
DA:2370,0
DA:2371,0
DA:2378,0
DA:2379,0
DA:2380,0
DA:2382,0
DA:2383,0
DA:2384,0
DA:2385,0
DA:2386,0
DA:2387,0
DA:2388,0
DA:2389,0
DA:2390,0
DA:2392,0
DA:2395,0
DA:2396,0
DA:2401,0
DA:2402,0
DA:2404,0
DA:2405,0
DA:2406,0
DA:2407,0
DA:2409,0
DA:2411,0
DA:2412,0
DA:2413,0
DA:2417,4
DA:2423,4
DA:2425,4
DA:2437,4
DA:2438,0
DA:2439,0
DA:2441,4
DA:2442,4
DA:2444,0
DA:2445,0
DA:2447,4
DA:2449,0
DA:2450,0
DA:2451,0
DA:2453,0
DA:2454,0
DA:2456,4
DA:2457,4
DA:2459,0
DA:2460,0
DA:2462,4
DA:2464,0
DA:2469,0
DA:2470,0
DA:2471,0
DA:2472,0
DA:2474,0
DA:2475,0
DA:2480,0
DA:2481,0
DA:2482,0
DA:2483,0
DA:2485,0
DA:2486,4
DA:2491,4
DA:2492,4
DA:2493,8
DA:2495,4
DA:2496,4
DA:2497,4
DA:2500,4
DA:2501,0
DA:2506,0
DA:2507,0
DA:2508,0
DA:2510,0
DA:2511,0
DA:2512,0
DA:2515,0
DA:2516,0
DA:2521,0
DA:2522,0
DA:2523,0
DA:2525,0
DA:2526,0
DA:2527,0
DA:2530,0
DA:2531,0
DA:2536,0
DA:2537,0
DA:2538,0
DA:2540,0
DA:2541,0
DA:2542,0
DA:2545,0
DA:2546,0
DA:2551,0
DA:2552,0
DA:2553,0
DA:2555,0
DA:2556,0
DA:2565,0
DA:2569,0
DA:2570,0
DA:2575,0
DA:2576,0
DA:2577,0
DA:2579,0
DA:2580,0
DA:2581,0
DA:2584,0
DA:2585,0
DA:2592,0
DA:2593,0
DA:2594,0
DA:2596,0
DA:2597,0
DA:2598,0
DA:2599,0
DA:2600,0
DA:2601,0
DA:2602,0
DA:2603,0
DA:2605,0
DA:2608,0
DA:2609,0
DA:2616,0
DA:2617,0
DA:2618,0
DA:2620,0
DA:2621,0
DA:2622,0
DA:2623,0
DA:2624,0
DA:2625,0
DA:2626,0
DA:2627,0
DA:2628,0
DA:2630,0
DA:2633,0
DA:2634,0
DA:2639,0
DA:2640,0
DA:2642,0
DA:2643,0
DA:2644,0
DA:2645,0
DA:2647,0
DA:2649,4
DA:2650,4
DA:2651,4
DA:2654,4
DA:2660,4
DA:2662,0
DA:2666,0
DA:2667,4
DA:2668,4
DA:2670,0
DA:2671,0
DA:2673,0
DA:2674,0
DA:2676,0
DA:2678,0
DA:2680,0
DA:2681,0
DA:2682,0
DA:2683,0
DA:2685,0
DA:2686,0
DA:2688,0
DA:2689,0
DA:2691,0
DA:2693,0
DA:2699,0
DA:2700,0
DA:2701,0
DA:2703,0
DA:2704,0
DA:2705,0
DA:2708,0
DA:2710,0
DA:2711,0
DA:2712,0
DA:2715,21
DA:2721,21
DA:2722,0
DA:2723,21
DA:2724,21
DA:2725,0
DA:2726,21
DA:2727,21
DA:2728,21
DA:2729,21
DA:2730,36
DA:2732,15
DA:2734,0
DA:2735,0
DA:2737,15
DA:2739,21
DA:2740,21
DA:2773,0
DA:2776,0
DA:2777,0
DA:2779,0
DA:2782,0
DA:2783,0
DA:2785,263
DA:2787,263
DA:2789,263
DA:2790,186
DA:2791,263
DA:2793,0
DA:2795,0
DA:2796,0
DA:2797,0
DA:2798,0
DA:2800,18
DA:2802,18
DA:2803,18
DA:2804,18
DA:2805,18
DA:2807,0
DA:2809,0
DA:2810,0
DA:2811,0
DA:2812,0
DA:2814,0
DA:2816,0
DA:2819,0
DA:2820,0
DA:2821,0
DA:2822,0
DA:2823,0
DA:2824,0
DA:2827,0
DA:2828,0
DA:2829,0
DA:2830,0
DA:2833,0
DA:2835,0
DA:2838,0
DA:2839,0
DA:2840,0
DA:2841,0
DA:2842,0
DA:2843,0
DA:2846,0
DA:2847,0
DA:2848,0
DA:2849,0
DA:2852,18
DA:2859,18
DA:2862,18
DA:2863,18
DA:2864,0
DA:2865,18
DA:2866,18
DA:2867,0
DA:2870,0
DA:2871,18
DA:2872,0
DA:2873,18
DA:2874,3
DA:2876,15
DA:2877,18
DA:2880,0
DA:2887,0
DA:2890,0
DA:2891,0
DA:2892,0
DA:2893,0
DA:2894,0
DA:2895,0
DA:2898,0
DA:2899,0
DA:2900,0
DA:2901,0
DA:2902,0
DA:2904,0
DA:2905,0
DA:2908,0
DA:2918,0
DA:2919,0
DA:2920,0
DA:2921,0
DA:2922,0
DA:2924,0
DA:2929,0
DA:2932,0
DA:2933,0
DA:2934,0
DA:2935,0
DA:2936,0
DA:2937,0
DA:2942,0
DA:2943,0
DA:2945,0
DA:2946,0
DA:2947,0
DA:2950,0
DA:2952,0
DA:2953,0
DA:2955,0
DA:2958,4
DA:2960,4
DA:2961,2
DA:2963,2
DA:2966,0
DA:2968,0
DA:2969,0
DA:2971,0
DA:2974,4
DA:2976,4
DA:2977,4
DA:2979,0
DA:2982,0
DA:2984,0
DA:2985,0
DA:2987,0
DA:2990,0
DA:2992,0
DA:2993,0
DA:2995,0
DA:2998,0
DA:3000,0
DA:3001,0
DA:3003,0
DA:3006,0
DA:3008,0
DA:3009,0
DA:3011,0
DA:3014,0
DA:3016,0
DA:3017,0
DA:3019,0
DA:3022,0
DA:3024,0
DA:3025,0
DA:3027,0
DA:3030,0
DA:3032,0
DA:3033,0
DA:3035,0
DA:3038,0
DA:3040,0
DA:3041,0
DA:3043,0
DA:3046,0
DA:3048,0
DA:3049,0
DA:3051,0
DA:3054,0
DA:3056,0
DA:3057,0
DA:3059,0
DA:3062,0
DA:3064,0
DA:3065,0
DA:3067,0
DA:3070,0
DA:3072,0
DA:3073,0
DA:3075,0
DA:3078,17
DA:3080,17
DA:3081,17
DA:3083,0
DA:3086,0
DA:3088,0
DA:3089,0
DA:3091,0
DA:3094,0
DA:3096,0
DA:3097,0
DA:3099,0
DA:3102,0
DA:3104,0
DA:3105,0
DA:3107,0
DA:3110,0
DA:3112,0
DA:3113,0
DA:3115,0
DA:3118,0
DA:3120,0
DA:3121,0
DA:3123,0
DA:3126,0
DA:3128,0
DA:3129,0
DA:3131,0
DA:3134,0
DA:3136,0
DA:3137,0
DA:3139,0
DA:3142,0
DA:3144,0
DA:3145,0
DA:3147,0
DA:3150,0
DA:3152,0
DA:3153,0
DA:3155,0
DA:3158,0
DA:3160,0
DA:3161,0
DA:3163,0
DA:3166,0
DA:3168,0
DA:3169,0
DA:3171,0
DA:3184,0
DA:3186,0
DA:3187,0
DA:3189,0
DA:3193,0
DA:3195,0
DA:3196,0
DA:3198,0
DA:3204,0
DA:3206,0
DA:3207,0
DA:3209,0
DA:3213,0
DA:3215,0
DA:3216,0
DA:3218,0
DA:3222,0
DA:3224,0
DA:3225,0
DA:3227,0
DA:3231,2
DA:3233,2
DA:3234,0
DA:3236,2
DA:3240,0
DA:3242,0
DA:3243,0
DA:3245,0
DA:3249,0
DA:3251,0
DA:3252,0
DA:3254,0
DA:3258,0
DA:3260,0
DA:3261,0
DA:3263,0
DA:3276,0
DA:3278,0
DA:3279,0
DA:3281,0
DA:3287,147
DA:3289,147
DA:3290,147
DA:3291,0
DA:3292,0
DA:3293,0
DA:3294,0
DA:3297,147
DA:3298,147
DA:3299,147
DA:3300,147
DA:3301,147
DA:3302,147
DA:3303,147
DA:3305,9
DA:3306,138
DA:3308,138
DA:3311,54
DA:3313,54
DA:3314,0
DA:3315,0
DA:3316,0
DA:3319,0
DA:3320,0
DA:3321,0
DA:3324,0
DA:3325,0
DA:3326,0
DA:3329,0
DA:3330,0
DA:3331,0
DA:3334,0
DA:3335,0
DA:3336,0
DA:3339,0
DA:3340,0
DA:3341,0
DA:3344,0
DA:3345,0
DA:3346,0
DA:3349,0
DA:3350,0
DA:3351,0
DA:3355,54
DA:3356,17
DA:3357,17
DA:3360,17
DA:3361,4
DA:3362,4
DA:3365,4
DA:3366,9
DA:3367,9
DA:3370,9
DA:3371,23
DA:3372,23
DA:3375,23
DA:3376,0
DA:3377,0
DA:3380,0
DA:3381,1
DA:3382,1
DA:3385,1
DA:3386,0
DA:3387,0
DA:3390,0
DA:3391,0
DA:3392,0
DA:3396,54
DA:3403,76
DA:3411,76
DA:3413,76
DA:3415,76
DA:3416,76
DA:3417,26
DA:3418,50
DA:3419,50
DA:3420,50
DA:3421,50
DA:3422,50
DA:3424,11
DA:3426,11
DA:3428,39
DA:3437,671
DA:3441,5877
DA:3443,5245
DA:3444,198
DA:3449,39
DA:3450,39
DA:3452,39
DA:3453,39
DA:3460,39
DA:3478,39
DA:3479,39
DA:3481,19
DA:3482,0
DA:3483,19
DA:3485,39
DA:3486,39
DA:3496,35
DA:3497,35
DA:3498,6
DA:3499,35
DA:3501,0
DA:3502,0
DA:3504,35
DA:3505,0
DA:3506,35
DA:3510,4
DA:3511,0
DA:3516,671
DA:3518,632
DA:3520,547
DA:3521,547
DA:3523,85
DA:3525,85
DA:3528,85
DA:3529,85
DA:3530,85
DA:3531,85
DA:3533,0
DA:3536,0
DA:3537,0
DA:3538,0
DA:3540,85
DA:3541,85
DA:3545,632
DA:3547,547
DA:3548,547
DA:3549,0
DA:3552,547
DA:3554,70
DA:3558,70
DA:3559,70
DA:3560,147
DA:3569,147
DA:3570,0
DA:3571,147
DA:3572,147
DA:3585,39
DA:3586,0
DA:3588,0
DA:3589,0
DA:3590,0
DA:3591,0
DA:3593,0
DA:3595,0
DA:3597,0
DA:3598,0
DA:3607,39
DA:3609,1
DA:3610,1
DA:3615,38
DA:3616,38
DA:3617,38
DA:3618,38
DA:3619,38
DA:3620,38
DA:3622,0
DA:3623,0
DA:3625,38
DA:3626,0
DA:3628,0
DA:3629,0
DA:3631,38
DA:3632,38
DA:3633,8
DA:3634,38
DA:3635,0
DA:3636,0
DA:3637,0
DA:3646,0
DA:3648,0
DA:3649,0
DA:3650,0
DA:3656,628
DA:3658,590
DA:3660,212
DA:3661,212
DA:3662,53
DA:3680,53
DA:3681,53
DA:3682,15
DA:3683,53
DA:3685,0
DA:3686,0
DA:3687,0
DA:3689,53
DA:3690,0
DA:3691,53
DA:3692,30
DA:3694,53
DA:3695,4
DA:3703,4
DA:3704,0
DA:3706,4
DA:3707,4
DA:3709,0
DA:3710,0
DA:3711,0
DA:3713,4
DA:3714,4
DA:3715,4
DA:3716,4
DA:3717,4
DA:3718,4
DA:3719,0
DA:3721,4
DA:3722,38
DA:3728,38
DA:3729,0
DA:3731,38
DA:3732,32
DA:3738,32
DA:3739,0
DA:3741,32
DA:3742,23
DA:3749,23
DA:3755,23
DA:3757,2
DA:3758,2
DA:3761,2
DA:3763,21
DA:3764,21
DA:3766,0
DA:3767,0
DA:3771,21
DA:3772,21
DA:3774,21
DA:3775,1
DA:3777,20
DA:3778,21
DA:3780,3
DA:3781,3
DA:3785,18
DA:3786,18
DA:3789,21
DA:3791,14
DA:3795,14
DA:3797,13
DA:3799,0
DA:3800,1
DA:3801,12
DA:3803,13
DA:3804,1
DA:3807,14
DA:3809,214
DA:3810,214
DA:3811,214
DA:3830,38
DA:3832,0
DA:3834,0
DA:3836,0
DA:3837,0
DA:3839,0
DA:3841,0
DA:3842,0
DA:3846,0
DA:3848,0
DA:3850,0
DA:3851,0
DA:3853,0
DA:3855,0
DA:3857,0
DA:3860,0
DA:3861,0
DA:3863,0
DA:3865,0
DA:3868,0
DA:3869,0
DA:3871,0
DA:3872,0
DA:3878,0
DA:3879,0
DA:3886,38
DA:3887,7
DA:3888,0
DA:3889,0
DA:3890,0
DA:3891,0
DA:3893,0
DA:3894,0
DA:3902,38
DA:3907,38
DA:3913,6
DA:3914,5
DA:3915,6
DA:3916,1
DA:3917,0
DA:3918,0
DA:3920,6
DA:3923,6
DA:3924,0
DA:3946,32
DA:3947,27
DA:3948,27
DA:3949,25
DA:3956,1
DA:3958,1
DA:3959,0
DA:3962,31
DA:3963,24
DA:3964,0
DA:3965,0
DA:3966,0
DA:3967,0
DA:3978,0
DA:3980,0
DA:3981,0
DA:3985,38
DA:3987,38
DA:3988,38
DA:3990,38
DA:3992,38
DA:3993,4
DA:3995,34
DA:4003,38
DA:4006,6
DA:4007,12
DA:4008,6
DA:4009,6
DA:4010,0
DA:4011,0
DA:4020,38
DA:4031,38
DA:4032,30
DA:4033,30
DA:4034,24
DA:4036,0
DA:4037,0
DA:4038,0
DA:4044,38
DA:4045,38
DA:4050,38
DA:4051,38
DA:4052,38
DA:4053,38
DA:4054,38
DA:4056,38
DA:4057,38
DA:4058,0
DA:4060,0
DA:4063,38
DA:4064,0
DA:4065,0
DA:4066,0
DA:4068,0
DA:4071,38
DA:4072,0
DA:4074,0
DA:4077,38
DA:4078,1
DA:4079,1
DA:4080,1
DA:4081,1
DA:4085,39
DA:4091,39
DA:4092,312
DA:4094,312
DA:4096,39
DA:4098,39
DA:4100,273
DA:4102,39
DA:4105,78
DA:4110,721
DA:4112,697
DA:4113,54
DA:4115,24
DA:4119,1012
DA:4122,1012
DA:4123,1012
DA:4126,6473
DA:4128,85
DA:4129,85
DA:4131,6388
DA:4132,6388
DA:4133,927
DA:4134,5461
DA:4135,2001
DA:4137,3460
DA:4141,927
DA:4142,12
DA:4143,915
DA:4144,915
DA:4145,0
DA:4147,927
DA:4155,0
DA:4165,0
DA:4166,0
DA:4167,0
DA:4169,0
DA:4171,0
DA:4173,0
DA:4174,0
DA:4175,0
DA:4176,0
DA:4178,0
DA:4179,0
DA:4181,0
DA:4183,0
DA:4184,0
DA:4185,0
DA:4186,0
DA:4188,0
DA:4190,0
DA:4191,0
DA:4193,0
DA:4194,0
DA:4197,0
DA:4199,0
DA:4200,0
DA:4201,0
DA:4205,0
DA:4207,0
DA:4208,0
DA:4209,0
DA:4211,0
DA:4212,0
DA:4214,0
DA:4216,0
DA:4218,0
DA:4220,0
DA:4221,0
DA:4226,0
DA:4227,0
DA:4230,0
DA:4231,0
DA:4233,0
DA:4234,0
DA:4235,0
DA:4239,0
DA:4241,0
DA:4242,0
DA:4243,0
DA:4244,0
DA:4245,0
DA:4246,0
DA:4247,0
DA:4248,0
DA:4252,0
DA:4253,0
DA:4254,0
DA:4262,0
DA:4265,0
DA:4266,0
DA:4270,7
DA:4275,7
DA:4278,7
DA:4279,0
DA:4281,7
DA:4282,1
DA:4283,7
DA:4284,7
DA:4286,7
DA:4287,0
DA:4289,7
DA:4293,1
DA:4294,1
DA:4295,1
DA:4297,0
DA:4299,20
DA:4301,19
DA:4303,19
DA:4304,19
DA:4305,0
DA:4307,0
DA:4308,0
DA:4310,19
DA:4311,19
DA:4313,19
DA:4314,12
DA:4318,0
DA:4319,0
DA:4321,19
DA:4323,1
DA:4324,1
DA:4325,1
DA:4326,3
DA:4327,2
DA:4335,1
DA:4336,1
DA:4337,1
DA:4338,6
DA:4339,0
DA:4341,0
DA:4342,0
DA:4344,6
DA:4345,6
DA:4346,12
DA:4347,6
DA:4349,7
DA:4350,7
DA:4351,2
DA:4352,7
DA:4356,1
DA:4360,1
DA:4363,1
DA:4372,76
DA:4376,76
DA:4377,26
DA:4378,50
DA:4379,0
DA:4381,0
DA:4384,62
DA:4385,12
DA:4386,0
DA:4389,50
DA:4391,50
DA:4398,38
DA:4399,38
DA:4400,38
DA:4401,0
DA:4402,38
DA:4403,0
DA:4405,38
DA:4406,38
DA:4409,50
DA:4411,50
DA:4419,0
DA:4421,0
DA:4422,0
DA:4423,0
DA:4427,0
DA:4428,0
DA:4429,0
DA:4430,0
DA:4434,0
DA:4435,0
DA:4437,0
DA:4446,50
DA:4459,50
DA:4461,50
DA:4462,50
DA:4463,50
DA:4464,50
DA:4465,0
DA:4466,0
DA:4469,0
DA:4471,0
DA:4473,0
DA:4474,0
DA:4477,0
DA:4479,0
DA:4480,0
DA:4481,0
DA:4483,0
DA:4485,0
DA:4487,0
DA:4490,0
DA:4491,0
DA:4494,0
DA:4496,0
DA:4497,0
DA:4498,0
DA:4500,0
DA:4502,0
DA:4504,0
DA:4505,0
DA:4507,0
DA:4509,0
DA:4510,0
DA:4511,0
DA:4512,0
DA:4515,0
DA:4516,0
DA:4522,0
DA:4524,0
DA:4527,0
DA:4528,0
DA:4529,0
DA:4530,0
DA:4531,0
DA:4533,0
DA:4534,0
DA:4535,0
DA:4536,0
DA:4541,50
DA:4542,50
DA:4544,0
DA:4545,0
DA:4557,50
DA:4559,50
DA:4560,50
DA:4561,10
DA:4563,10
DA:4565,40
DA:4568,40
DA:4569,40
DA:4570,26
DA:4571,40
DA:4573,0
DA:4575,0
DA:4577,40
DA:4583,0
DA:4584,0
DA:4585,0
DA:4587,0
DA:4589,0
DA:4592,0
DA:4593,0
DA:4594,0
DA:4595,0
DA:4597,0
DA:4599,0
DA:4601,0
DA:4602,0
DA:4604,40
DA:4606,0
DA:4608,0
DA:4610,40
DA:4613,40
DA:4614,0
DA:4615,40
DA:4616,40
DA:4617,1
DA:4619,1
DA:4620,1
DA:4622,39
DA:4623,39
DA:4625,39
DA:4626,39
DA:4627,39
DA:4630,39
DA:4631,39
DA:4632,0
DA:4634,39
DA:4636,39
DA:4637,25
DA:4638,39
DA:4642,0
DA:4643,0
DA:4644,0
DA:4646,0
DA:4648,0
DA:4649,0
DA:4653,39
DA:4656,39
DA:4658,0
DA:4659,0
DA:4661,39
DA:4662,39
DA:4663,671
DA:4665,632
DA:4666,375
DA:4667,632
DA:4668,632
DA:4669,632
DA:4670,375
DA:4671,632
DA:4672,632
DA:4673,632
DA:4675,632
DA:4676,375
DA:4677,632
DA:4678,632
DA:4679,632
DA:4680,632
DA:4684,0
DA:4685,0
DA:4686,0
DA:4687,0
DA:4688,0
DA:4689,0
DA:4691,632
DA:4693,39
DA:4694,39
DA:4695,39
DA:4702,380
DA:4707,380
DA:4708,380
DA:4709,380
DA:4711,0
DA:4713,0
DA:4714,0
DA:4716,380
DA:4717,380
DA:4718,380
DA:4719,380
DA:4720,380
DA:4721,380
DA:4723,17
DA:4724,17
DA:4725,56
DA:4728,56
DA:4729,56
DA:4730,56
DA:4735,48
DA:4736,48
DA:4737,822
DA:4739,815
DA:4740,41
DA:4741,774
DA:4742,774
DA:4744,48
DA:4745,7
DA:4746,41
DA:4749,7
DA:4750,7
DA:4751,0
DA:4753,7
DA:4754,7
DA:4756,0
DA:4757,0
DA:4758,0
DA:4760,7
DA:4761,7
DA:4762,7
DA:4763,7
DA:4764,7
DA:4766,48
DA:4767,48
DA:4768,48
DA:4769,48
DA:4770,0
DA:4773,56
DA:4774,0
DA:4776,0
DA:4777,0
DA:4778,0
DA:4779,0
DA:4780,0
DA:4782,0
DA:4783,0
DA:4786,0
DA:4787,106
DA:4790,106
DA:4791,106
DA:4792,106
DA:4793,106
DA:4795,75
DA:4796,0
DA:4799,106
DA:4800,109
DA:4803,109
DA:4804,109
DA:4805,109
DA:4806,109
DA:4808,109
DA:4809,0
DA:4812,109
DA:4813,0
DA:4816,0
DA:4817,0
DA:4818,0
DA:4819,0
DA:4821,0
DA:4822,0
DA:4825,0
DA:4826,0
DA:4829,0
DA:4830,0
DA:4831,0
DA:4832,0
DA:4834,0
DA:4835,0
DA:4838,0
DA:4839,19
DA:4842,19
DA:4843,19
DA:4844,19
DA:4845,19
DA:4847,19
DA:4848,0
DA:4851,19
DA:4852,0
DA:4855,0
DA:4856,0
DA:4857,0
DA:4858,0
DA:4860,0
DA:4861,0
DA:4864,0
DA:4865,11
DA:4868,11
DA:4869,11
DA:4870,11
DA:4871,4
DA:4873,4
DA:4874,4
DA:4876,7
DA:4877,7
DA:4880,6
DA:4881,6
DA:4882,6
DA:4883,0
DA:4886,7
DA:4887,0
DA:4890,0
DA:4891,0
DA:4892,0
DA:4893,0
DA:4895,0
DA:4896,0
DA:4900,0
DA:4901,0
DA:4904,0
DA:4905,0
DA:4906,0
DA:4907,0
DA:4908,0
DA:4912,0
DA:4913,0
DA:4916,0
DA:4917,0
DA:4918,0
DA:4922,0
DA:4923,0
DA:4926,0
DA:4927,0
DA:4928,0
DA:4929,0
DA:4930,0
DA:4934,0
DA:4935,0
DA:4938,0
DA:4939,0
DA:4940,0
DA:4944,0
DA:4945,0
DA:4948,0
DA:4949,0
DA:4950,0
DA:4951,0
DA:4952,0
DA:4956,0
DA:4957,0
DA:4960,0
DA:4961,0
DA:4962,0
DA:4966,0
DA:4967,0
DA:4970,0
DA:4971,0
DA:4972,0
DA:4973,0
DA:4974,0
DA:4978,0
DA:4979,0
DA:4982,0
DA:4983,0
DA:4984,0
DA:4985,0
DA:4988,0
DA:4989,0
DA:4992,0
DA:4993,0
DA:4994,0
DA:4995,0
DA:4996,0
DA:5000,0
DA:5001,4
DA:5004,4
DA:5005,4
DA:5006,4
DA:5007,1
DA:5010,3
DA:5011,3
DA:5014,1
DA:5015,1
DA:5016,1
DA:5017,1
DA:5018,0
DA:5022,4
DA:5023,8
DA:5026,8
DA:5027,8
DA:5028,8
DA:5029,0
DA:5032,8
DA:5033,8
DA:5036,8
DA:5037,8
DA:5038,8
DA:5039,8
DA:5040,0
DA:5044,8
DA:5045,0
DA:5048,0
DA:5049,0
DA:5050,0
DA:5051,0
DA:5054,0
DA:5055,0
DA:5058,0
DA:5059,0
DA:5060,0
DA:5061,0
DA:5062,0
DA:5066,0
DA:5067,0
DA:5070,0
DA:5071,0
DA:5072,0
DA:5073,0
DA:5076,0
DA:5077,0
DA:5080,0
DA:5081,0
DA:5082,0
DA:5083,0
DA:5084,0
DA:5088,0
DA:5089,0
DA:5092,0
DA:5093,0
DA:5094,0
DA:5095,0
DA:5098,0
DA:5099,0
DA:5102,0
DA:5103,0
DA:5104,0
DA:5105,0
DA:5106,0
DA:5110,0
DA:5111,0
DA:5114,0
DA:5115,0
DA:5116,0
DA:5117,0
DA:5120,0
DA:5121,0
DA:5124,0
DA:5125,0
DA:5126,0
DA:5127,0
DA:5128,0
DA:5132,0
DA:5133,4
DA:5136,4
DA:5137,4
DA:5138,4
DA:5139,0
DA:5142,4
DA:5143,4
DA:5146,0
DA:5147,0
DA:5148,0
DA:5149,0
DA:5150,0
DA:5154,4
DA:5155,38
DA:5158,38
DA:5159,38
DA:5160,38
DA:5161,38
DA:5164,38
DA:5165,38
DA:5166,38
DA:5167,38
DA:5168,0
DA:5171,38
DA:5172,1
DA:5175,1
DA:5176,1
DA:5177,1
DA:5178,1
DA:5181,0
DA:5182,0
DA:5183,0
DA:5184,0
DA:5185,0
DA:5188,1
DA:5189,0
DA:5191,0
DA:5192,0
DA:5193,0
DA:5194,0
DA:5195,0
DA:5198,0
DA:5199,0
DA:5200,0
DA:5201,0
DA:5202,0
DA:5205,0
DA:5206,5
DA:5209,5
DA:5210,5
DA:5211,5
DA:5212,5
DA:5215,4
DA:5216,4
DA:5217,4
DA:5218,4
DA:5219,0
DA:5222,5
DA:5223,0
DA:5225,0
DA:5226,0
DA:5227,0
DA:5228,0
DA:5229,0
DA:5232,0
DA:5233,0
DA:5234,0
DA:5235,0
DA:5236,0
DA:5239,0
DA:5240,0
DA:5243,0
DA:5244,0
DA:5245,0
DA:5246,0
DA:5249,0
DA:5250,0
DA:5251,0
DA:5252,0
DA:5253,0
DA:5256,0
DA:5257,0
DA:5259,0
DA:5260,0
DA:5261,0
DA:5262,0
DA:5263,0
DA:5266,0
DA:5267,0
DA:5268,0
DA:5269,0
DA:5270,0
DA:5273,0
DA:5274,0
DA:5277,0
DA:5278,0
DA:5279,0
DA:5280,0
DA:5283,0
DA:5284,0
DA:5285,0
DA:5286,0
DA:5287,0
DA:5290,0
DA:5291,1
DA:5293,1
DA:5294,1
DA:5295,1
DA:5296,1
DA:5297,1
DA:5300,0
DA:5301,0
DA:5302,0
DA:5303,0
DA:5304,0
DA:5307,1
DA:5308,1
DA:5311,1
DA:5312,1
DA:5313,1
DA:5314,1
DA:5317,0
DA:5318,0
DA:5319,0
DA:5320,0
DA:5321,0
DA:5324,1
DA:5325,0
DA:5328,0
DA:5329,0
DA:5330,0
DA:5331,0
DA:5334,0
DA:5335,0
DA:5336,0
DA:5337,0
DA:5338,0
DA:5341,0
DA:5342,0
DA:5345,0
DA:5346,0
DA:5347,0
DA:5348,0
DA:5351,0
DA:5352,0
DA:5353,0
DA:5354,0
DA:5355,0
DA:5358,0
DA:5359,0
DA:5360,0
DA:5363,376
DA:5365,51
DA:5366,51
DA:5368,325
DA:5376,70
DA:5381,70
DA:5382,70
DA:5384,0
DA:5385,0
DA:5386,0
DA:5388,70
DA:5391,6
DA:5392,6
DA:5393,0
DA:5394,0
DA:5396,6
DA:5398,0
DA:5399,0
DA:5402,6
DA:5403,6
DA:5404,6
DA:5406,70
DA:5407,70
DA:5414,0
DA:5419,0
DA:5423,0
DA:5424,0
DA:5425,0
DA:5426,0
DA:5429,0
DA:5432,0
DA:5433,0
DA:5434,0
DA:5435,0
DA:5439,0
DA:5440,0
DA:5443,0
DA:5446,0
DA:5447,0
DA:5448,0
DA:5449,0
DA:5450,0
DA:5456,0
DA:5458,0
DA:5459,0
DA:5463,0
DA:5464,0
DA:5475,0
DA:5477,0
DA:5490,0
DA:5491,0
DA:5492,0
DA:5493,0
DA:5494,0
DA:5495,0
DA:5497,0
DA:5498,0
DA:5503,0
DA:5504,0
DA:5505,0
DA:5506,0
DA:5508,0
DA:5509,0
DA:5510,0
DA:5513,0
DA:5518,0
DA:5519,0
DA:5520,0
DA:5521,0
DA:5522,0
DA:5523,0
DA:5525,0
DA:5527,0
DA:5529,0
DA:5534,0
DA:5535,0
DA:5536,0
DA:5537,0
DA:5538,0
DA:5544,0
DA:5545,0
DA:5546,0
DA:5547,0
DA:5548,0
DA:5549,0
DA:5550,0
DA:5555,0
DA:5556,0
DA:5558,0
DA:5559,0
DA:5560,0
DA:5561,0
DA:5562,0
DA:5565,153
DA:5608,153
end_of_record
TN:
SF:/home/fuzz/project/fuzzing_libtiff/tiff-4.0.4/libtiff/tif_dirinfo.c
FN:285,td_lfind
FNDA:0,td_lfind
FN:299,_TIFFGetFields
FNDA:39,_TIFFGetFields
FN:305,_TIFFGetExifFields
FNDA:0,_TIFFGetExifFields
FN:311,_TIFFSetupFields
FNDA:39,_TIFFSetupFields
FN:336,tagCompare
FNDA:115791,tagCompare
FN:349,tagNameCompare
FNDA:0,tagNameCompare
FN:363,_TIFFMergeFields
FNDA:141,_TIFFMergeFields
FN:408,_TIFFPrintFieldInfo
FNDA:0,_TIFFPrintFieldInfo
FN:432,TIFFDataWidth
FNDA:273,TIFFDataWidth
FN:470,_TIFFDataSize
FNDA:91,_TIFFDataSize
FN:500,TIFFFindField
FNDA:8005,TIFFFindField
FN:525,_TIFFFindFieldByName
FNDA:0,_TIFFFindFieldByName
FN:552,TIFFFieldWithTag
FNDA:597,TIFFFieldWithTag
FN:564,TIFFFieldWithName
FNDA:0,TIFFFieldWithName
FN:576,TIFFFieldTag
FNDA:0,TIFFFieldTag
FN:582,TIFFFieldName
FNDA:0,TIFFFieldName
FN:588,TIFFFieldDataType
FNDA:0,TIFFFieldDataType
FN:594,TIFFFieldPassCount
FNDA:0,TIFFFieldPassCount
FN:600,TIFFFieldReadCount
FNDA:0,TIFFFieldReadCount
FN:606,TIFFFieldWriteCount
FNDA:0,TIFFFieldWriteCount
FN:612,_TIFFFindOrRegisterField
FNDA:0,_TIFFFindOrRegisterField
FN:628,_TIFFCreateAnonField
FNDA:85,_TIFFCreateAnonField
FN:729,_TIFFSetGetType
FNDA:0,_TIFFSetGetType
FN:882,TIFFMergeFieldInfo
FNDA:0,TIFFMergeFieldInfo
DA:285,0
DA:290,0
DA:291,0
DA:292,0
DA:293,0
DA:295,0
DA:299,39
DA:301,39
DA:305,0
DA:307,0
DA:311,39
DA:313,39
DA:316,160
DA:317,159
DA:318,159
DA:319,106
DA:320,5
DA:321,5
DA:325,1
DA:326,1
DA:327,1
DA:329,39
DA:330,0
DA:333,39
DA:336,115791
DA:338,115791
DA:339,115791
DA:341,115791
DA:342,115069
DA:344,722
DA:345,722
DA:349,0
DA:351,0
DA:352,0
DA:353,0
DA:355,0
DA:356,0
DA:358,0
DA:359,0
DA:363,141
DA:370,141
DA:372,141
DA:373,102
DA:374,102
DA:375,102
DA:378,39
DA:379,39
DA:382,141
DA:383,0
DA:385,0
DA:389,6213
DA:391,6072
DA:394,6072
DA:395,6033
DA:396,6033
DA:401,141
DA:404,141
DA:408,0
DA:412,0
DA:413,0
DA:414,0
DA:415,0
DA:417,0
DA:418,0
DA:419,0
DA:420,0
DA:421,0
DA:422,0
DA:423,0
DA:426,0
DA:432,273
DA:434,273
DA:436,101
DA:441,101
DA:442,90
DA:444,90
DA:445,77
DA:449,77
DA:450,5
DA:456,5
DA:457,0
DA:458,0
DA:470,91
DA:472,91
DA:474,87
DA:478,87
DA:479,4
DA:481,4
DA:482,0
DA:488,0
DA:489,0
DA:493,0
DA:494,0
DA:495,0
DA:500,8005
DA:502,8005
DA:503,8005
DA:505,8005
DA:506,0
DA:507,1250
DA:510,6755
DA:511,0
DA:515,6755
DA:516,6755
DA:518,6755
DA:521,6755
DA:525,0
DA:527,0
DA:528,0
DA:530,0
DA:531,0
DA:532,0
DA:533,0
DA:536,0
DA:537,0
DA:541,0
DA:542,0
DA:545,0
DA:548,0
DA:552,597
DA:554,597
DA:555,597
DA:556,0
DA:560,597
DA:564,0
DA:567,0
DA:568,0
DA:569,0
DA:572,0
DA:576,0
DA:578,0
DA:582,0
DA:584,0
DA:588,0
DA:590,0
DA:594,0
DA:596,0
DA:600,0
DA:602,0
DA:606,0
DA:608,0
DA:612,0
DA:617,0
DA:618,0
DA:619,0
DA:620,0
DA:621,0
DA:624,0
DA:628,85
DA:633,85
DA:634,85
DA:635,0
DA:636,85
DA:638,85
DA:639,85
DA:640,85
DA:641,85
DA:642,85
DA:643,85
DA:645,1
DA:647,1
DA:648,1
DA:649,1
DA:650,38
DA:651,38
DA:652,38
DA:653,38
DA:654,5
DA:655,5
DA:656,5
DA:657,5
DA:658,0
DA:659,0
DA:660,0
DA:661,0
DA:662,1
DA:665,1
DA:666,1
DA:667,1
DA:668,0
DA:669,0
DA:670,0
DA:671,0
DA:672,0
DA:673,0
DA:674,0
DA:675,0
DA:676,0
DA:677,0
DA:678,0
DA:679,0
DA:680,0
DA:681,0
DA:682,0
DA:683,0
DA:684,0
DA:686,0
DA:687,0
DA:688,0
DA:689,0
DA:690,0
DA:691,0
DA:692,0
DA:693,1
DA:694,1
DA:695,1
DA:696,1
DA:697,39
DA:698,39
DA:699,39
DA:700,39
DA:702,85
DA:703,85
DA:704,85
DA:705,85
DA:706,85
DA:707,0
DA:708,0
DA:710,85
DA:716,85
DA:718,85
DA:729,0
DA:731,0
DA:732,0
DA:734,0
DA:735,0
DA:737,0
DA:739,0
DA:740,0
DA:741,0
DA:742,0
DA:743,0
DA:744,0
DA:745,0
DA:746,0
DA:749,0
DA:750,0
DA:751,0
DA:752,0
DA:753,0
DA:754,0
DA:755,0
DA:756,0
DA:757,0
DA:758,0
DA:760,0
DA:761,0
DA:762,0
DA:763,0
DA:764,0
DA:765,0
DA:766,0
DA:770,0
DA:771,0
DA:773,0
DA:775,0
DA:776,0
DA:777,0
DA:778,0
DA:779,0
DA:780,0
DA:781,0
DA:782,0
DA:785,0
DA:786,0
DA:787,0
DA:788,0
DA:789,0
DA:790,0
DA:791,0
DA:792,0
DA:793,0
DA:794,0
DA:796,0
DA:797,0
DA:798,0
DA:799,0
DA:800,0
DA:801,0
DA:802,0
DA:806,0
DA:807,0
DA:809,0
DA:811,0
DA:812,0
DA:813,0
DA:814,0
DA:815,0
DA:816,0
DA:817,0
DA:818,0
DA:821,0
DA:822,0
DA:823,0
DA:824,0
DA:825,0
DA:826,0
DA:827,0
DA:828,0
DA:829,0
DA:830,0
DA:832,0
DA:833,0
DA:834,0
DA:835,0
DA:836,0
DA:837,0
DA:838,0
DA:842,0
DA:843,0
DA:845,0
DA:847,0
DA:848,0
DA:849,0
DA:850,0
DA:851,0
DA:852,0
DA:853,0
DA:854,0
DA:857,0
DA:858,0
DA:859,0
DA:860,0
DA:861,0
DA:862,0
DA:863,0
DA:864,0
DA:865,0
DA:866,0
DA:868,0
DA:869,0
DA:870,0
DA:871,0
DA:872,0
DA:873,0
DA:874,0
DA:878,0
DA:882,0
DA:890,0
DA:891,0
DA:892,0
DA:893,0
DA:896,0
DA:897,0
DA:900,0
DA:901,0
DA:903,0
DA:905,0
DA:907,0
DA:908,0
DA:909,0
DA:910,0
DA:911,0
DA:913,0
DA:914,0
DA:916,0
DA:919,0
DA:920,0
DA:921,0
DA:922,0
DA:923,0
DA:924,0
DA:925,0
DA:926,0
DA:927,0
DA:928,0
DA:929,0
DA:930,0
DA:931,0
DA:932,0
DA:933,0
DA:934,0
DA:935,0
DA:936,0
DA:937,0
DA:938,0
DA:939,0
DA:942,0
DA:943,0
DA:945,0
DA:948,0
end_of_record
TN:
SF:/home/fuzz/project/fuzzing_libtiff/tiff-4.0.4/libtiff/tif_ojpeg.c
FN:419,TIFFInitOJPEG
FNDA:0,TIFFInitOJPEG
FN:482,OJPEGVGetField
FNDA:0,OJPEGVGetField
FN:524,OJPEGVSetField
FNDA:0,OJPEGVSetField
FN:611,OJPEGPrintDir
FNDA:0,OJPEGPrintDir
FN:651,OJPEGFixupTags
FNDA:0,OJPEGFixupTags
FN:658,OJPEGSetupDecode
FNDA:0,OJPEGSetupDecode
FN:666,OJPEGPreDecode
FNDA:0,OJPEGPreDecode
FN:729,OJPEGPreDecodeSkipRaw
FNDA:0,OJPEGPreDecodeSkipRaw
FN:762,OJPEGPreDecodeSkipScanlines
FNDA:0,OJPEGPreDecodeSkipScanlines
FN:785,OJPEGDecode
FNDA:0,OJPEGDecode
FN:803,OJPEGDecodeRaw
FNDA:0,OJPEGDecodeRaw
FN:858,OJPEGDecodeScanlines
FNDA:0,OJPEGDecodeScanlines
FN:883,OJPEGPostDecode
FNDA:0,OJPEGPostDecode
FN:898,OJPEGSetupEncode
FNDA:0,OJPEGSetupEncode
FN:906,OJPEGPreEncode
FNDA:0,OJPEGPreEncode
FN:915,OJPEGEncode
FNDA:0,OJPEGEncode
FN:926,OJPEGPostEncode
FNDA:0,OJPEGPostEncode
FN:934,OJPEGCleanup
FNDA:0,OJPEGCleanup
FN:981,OJPEGSubsamplingCorrect
FNDA:0,OJPEGSubsamplingCorrect
FN:1036,OJPEGReadHeaderInfo
FNDA:0,OJPEGReadHeaderInfo
FN:1098,OJPEGReadSecondarySos
FNDA:0,OJPEGReadSecondarySos
FN:1148,OJPEGWriteHeaderInfo
FNDA:0,OJPEGWriteHeaderInfo
FN:1242,OJPEGLibjpegSessionAbort
FNDA:0,OJPEGLibjpegSessionAbort
FN:1251,OJPEGReadHeaderInfoSec
FNDA:0,OJPEGReadHeaderInfoSec
FN:1382,OJPEGReadHeaderInfoSecStreamDri
FNDA:0,OJPEGReadHeaderInfoSecStreamDri
FN:1402,OJPEGReadHeaderInfoSecStreamDqt
FNDA:0,OJPEGReadHeaderInfoSecStreamDqt
FN:1464,OJPEGReadHeaderInfoSecStreamDht
FNDA:0,OJPEGReadHeaderInfoSecStreamDht
FN:1541,OJPEGReadHeaderInfoSecStreamSof
FNDA:0,OJPEGReadHeaderInfoSecStreamSof
FN:1693,OJPEGReadHeaderInfoSecStreamSos
FNDA:0,OJPEGReadHeaderInfoSecStreamSos
FN:1741,OJPEGReadHeaderInfoSecTablesQTable
FNDA:0,OJPEGReadHeaderInfoSecTablesQTable
FN:1795,OJPEGReadHeaderInfoSecTablesDcTable
FNDA:0,OJPEGReadHeaderInfoSecTablesDcTable
FN:1859,OJPEGReadHeaderInfoSecTablesAcTable
FNDA:0,OJPEGReadHeaderInfoSecTablesAcTable
FN:1923,OJPEGReadBufferFill
FNDA:0,OJPEGReadBufferFill
FN:2010,OJPEGReadByte
FNDA:0,OJPEGReadByte
FN:2025,OJPEGReadBytePeek
FNDA:0,OJPEGReadBytePeek
FN:2038,OJPEGReadByteAdvance
FNDA:0,OJPEGReadByteAdvance
FN:2046,OJPEGReadWord
FNDA:0,OJPEGReadWord
FN:2059,OJPEGReadBlock
FNDA:0,OJPEGReadBlock
FN:2088,OJPEGReadSkip
FNDA:0,OJPEGReadSkip
FN:2118,OJPEGWriteStream
FNDA:0,OJPEGWriteStream
FN:2191,OJPEGWriteStreamSoi
FNDA:0,OJPEGWriteStreamSoi
FN:2203,OJPEGWriteStreamQTable
FNDA:0,OJPEGWriteStreamQTable
FN:2215,OJPEGWriteStreamDcTable
FNDA:0,OJPEGWriteStreamDcTable
FN:2227,OJPEGWriteStreamAcTable
FNDA:0,OJPEGWriteStreamAcTable
FN:2239,OJPEGWriteStreamDri
FNDA:0,OJPEGWriteStreamDri
FN:2258,OJPEGWriteStreamSof
FNDA:0,OJPEGWriteStreamSof
FN:2294,OJPEGWriteStreamSos
FNDA:0,OJPEGWriteStreamSos
FN:2326,OJPEGWriteStreamCompressed
FNDA:0,OJPEGWriteStreamCompressed
FN:2359,OJPEGWriteStreamRst
FNDA:0,OJPEGWriteStreamRst
FN:2374,OJPEGWriteStreamEoi
FNDA:0,OJPEGWriteStreamEoi
FN:2386,jpeg_create_decompress_encap
FNDA:0,jpeg_create_decompress_encap
FN:2394,jpeg_read_header_encap
FNDA:0,jpeg_read_header_encap
FN:2402,jpeg_start_decompress_encap
FNDA:0,jpeg_start_decompress_encap
FN:2410,jpeg_read_scanlines_encap
FNDA:0,jpeg_read_scanlines_encap
FN:2418,jpeg_read_raw_data_encap
FNDA:0,jpeg_read_raw_data_encap
FN:2426,jpeg_encap_unwind
FNDA:0,jpeg_encap_unwind
FN:2434,OJPEGLibjpegJpegErrorMgrOutputMessage
FNDA:0,OJPEGLibjpegJpegErrorMgrOutputMessage
FN:2442,OJPEGLibjpegJpegErrorMgrErrorExit
FNDA:0,OJPEGLibjpegJpegErrorMgrErrorExit
FN:2451,OJPEGLibjpegJpegSourceMgrInitSource
FNDA:0,OJPEGLibjpegJpegSourceMgrInitSource
FN:2457,OJPEGLibjpegJpegSourceMgrFillInputBuffer
FNDA:0,OJPEGLibjpegJpegSourceMgrFillInputBuffer
FN:2474,OJPEGLibjpegJpegSourceMgrSkipInputData
FNDA:0,OJPEGLibjpegJpegSourceMgrSkipInputData
FN:2483,OJPEGLibjpegJpegSourceMgrResyncToRestart
FNDA:0,OJPEGLibjpegJpegSourceMgrResyncToRestart
FN:2493,OJPEGLibjpegJpegSourceMgrTermSource
FNDA:0,OJPEGLibjpegJpegSourceMgrTermSource
DA:419,0
DA:424,0
DA:429,0
DA:430,0
DA:432,0
DA:436,0
DA:437,0
DA:439,0
DA:440,0
DA:442,0
DA:443,0
DA:444,0
DA:445,0
DA:446,0
DA:447,0
DA:449,0
DA:450,0
DA:451,0
DA:452,0
DA:453,0
DA:454,0
DA:455,0
DA:456,0
DA:457,0
DA:458,0
DA:459,0
DA:460,0
DA:461,0
DA:462,0
DA:463,0
DA:465,0
DA:466,0
DA:467,0
DA:468,0
DA:469,0
DA:470,0
DA:477,0
DA:478,0
DA:482,0
DA:484,0
DA:485,0
DA:487,0
DA:488,0
DA:489,0
DA:490,0
DA:491,0
DA:492,0
DA:493,0
DA:494,0
DA:495,0
DA:496,0
DA:497,0
DA:498,0
DA:499,0
DA:500,0
DA:501,0
DA:502,0
DA:503,0
DA:504,0
DA:505,0
DA:506,0
DA:507,0
DA:508,0
DA:509,0
DA:510,0
DA:511,0
DA:512,0
DA:513,0
DA:514,0
DA:515,0
DA:516,0
DA:517,0
DA:518,0
DA:520,0
DA:524,0
DA:527,0
DA:533,0
DA:535,0
DA:536,0
DA:537,0
DA:538,0
DA:539,0
DA:540,0
DA:541,0
DA:542,0
DA:543,0
DA:544,0
DA:545,0
DA:546,0
DA:547,0
DA:548,0
DA:549,0
DA:550,0
DA:552,0
DA:554,0
DA:555,0
DA:557,0
DA:558,0
DA:559,0
DA:560,0
DA:562,0
DA:563,0
DA:564,0
DA:565,0
DA:567,0
DA:569,0
DA:570,0
DA:572,0
DA:573,0
DA:574,0
DA:575,0
DA:577,0
DA:578,0
DA:579,0
DA:580,0
DA:582,0
DA:584,0
DA:585,0
DA:587,0
DA:588,0
DA:589,0
DA:590,0
DA:592,0
DA:593,0
DA:594,0
DA:595,0
DA:596,0
DA:597,0
DA:598,0
DA:599,0
DA:600,0
DA:602,0
DA:603,0
DA:604,0
DA:605,0
DA:606,0
DA:607,0
DA:611,0
DA:613,0
DA:616,0
DA:617,0
DA:618,0
DA:619,0
DA:620,0
DA:621,0
DA:623,0
DA:624,0
DA:625,0
DA:626,0
DA:628,0
DA:630,0
DA:631,0
DA:632,0
DA:633,0
DA:635,0
DA:637,0
DA:638,0
DA:639,0
DA:640,0
DA:642,0
DA:643,0
DA:644,0
DA:645,0
DA:646,0
DA:647,0
DA:648,0
DA:651,0
DA:654,0
DA:658,0
DA:661,0
DA:662,0
DA:666,0
DA:668,0
DA:670,0
DA:671,0
DA:672,0
DA:674,0
DA:675,0
DA:677,0
DA:679,0
DA:680,0
DA:682,0
DA:683,0
DA:685,0
DA:686,0
DA:688,0
DA:689,0
DA:690,0
DA:692,0
DA:694,0
DA:695,0
DA:696,0
DA:697,0
DA:698,0
DA:700,0
DA:701,0
DA:702,0
DA:703,0
DA:704,0
DA:705,0
DA:706,0
DA:708,0
DA:709,0
DA:711,0
DA:713,0
DA:715,0
DA:716,0
DA:720,0
DA:721,0
DA:723,0
DA:725,0
DA:729,0
DA:731,0
DA:733,0
DA:734,0
DA:736,0
DA:738,0
DA:739,0
DA:740,0
DA:741,0
DA:743,0
DA:744,0
DA:746,0
DA:748,0
DA:749,0
DA:750,0
DA:752,0
DA:754,0
DA:755,0
DA:756,0
DA:758,0
DA:762,0
DA:765,0
DA:767,0
DA:769,0
DA:770,0
DA:772,0
DA:773,0
DA:776,0
DA:778,0
DA:779,0
DA:781,0
DA:785,0
DA:787,0
DA:789,0
DA:791,0
DA:792,0
DA:796,0
DA:797,0
DA:799,0
DA:803,0
DA:806,0
DA:816,0
DA:818,0
DA:819,0
DA:821,0
DA:822,0
DA:823,0
DA:826,0
DA:828,0
DA:829,0
DA:831,0
DA:832,0
DA:833,0
DA:834,0
DA:835,0
DA:837,0
DA:838,0
DA:840,0
DA:841,0
DA:842,0
DA:844,0
DA:845,0
DA:846,0
DA:848,0
DA:849,0
DA:850,0
DA:851,0
DA:852,0
DA:853,0
DA:854,0
DA:858,0
DA:861,0
DA:864,0
DA:866,0
DA:867,0
DA:869,0
DA:870,0
DA:871,0
DA:874,0
DA:875,0
DA:876,0
DA:877,0
DA:878,0
DA:879,0
DA:883,0
DA:885,0
DA:888,0
DA:889,0
DA:891,0
DA:892,0
DA:893,0
DA:895,0
DA:898,0
DA:901,0
DA:902,0
DA:906,0
DA:910,0
DA:911,0
DA:915,0
DA:921,0
DA:922,0
DA:926,0
DA:929,0
DA:930,0
DA:934,0
DA:936,0
DA:937,0
DA:939,0
DA:940,0
DA:941,0
DA:942,0
DA:943,0
DA:944,0
DA:945,0
DA:946,0
DA:947,0
DA:948,0
DA:949,0
DA:950,0
DA:951,0
DA:952,0
DA:953,0
DA:954,0
DA:955,0
DA:956,0
DA:957,0
DA:958,0
DA:959,0
DA:960,0
DA:961,0
DA:962,0
DA:963,0
DA:964,0
DA:965,0
DA:966,0
DA:967,0
DA:968,0
DA:969,0
DA:970,0
DA:971,0
DA:972,0
DA:973,0
DA:974,0
DA:975,0
DA:976,0
DA:978,0
DA:981,0
DA:984,0
DA:987,0
DA:989,0
DA:990,0
DA:991,0
DA:993,0
DA:994,0
DA:995,0
DA:996,0
DA:997,0
DA:1001,0
DA:1002,0
DA:1003,0
DA:1004,0
DA:1005,0
DA:1006,0
DA:1008,0
DA:1009,0
DA:1011,0
DA:1012,0
DA:1014,0
DA:1015,0
DA:1017,0
DA:1019,0
DA:1021,0
DA:1022,0
DA:1024,0
DA:1026,0
DA:1028,0
DA:1029,0
DA:1032,0
DA:1033,0
DA:1036,0
DA:1039,0
DA:1040,0
DA:1041,0
DA:1042,0
DA:1043,0
DA:1045,0
DA:1046,0
DA:1047,0
DA:1051,0
DA:1052,0
DA:1053,0
DA:1055,0
DA:1057,0
DA:1058,0
DA:1059,0
DA:1060,0
DA:1061,0
DA:1065,0
DA:1067,0
DA:1068,0
DA:1070,0
DA:1071,0
DA:1072,0
DA:1073,0
DA:1075,0
DA:1077,0
DA:1079,0
DA:1081,0
DA:1082,0
DA:1084,0
DA:1086,0
DA:1087,0
DA:1088,0
DA:1089,0
DA:1090,0
DA:1091,0
DA:1092,0
DA:1093,0
DA:1094,0
DA:1098,0
DA:1100,0
DA:1102,0
DA:1103,0
DA:1104,0
DA:1105,0
DA:1106,0
DA:1107,0
DA:1108,0
DA:1109,0
DA:1110,0
DA:1111,0
DA:1112,0
DA:1113,0
DA:1114,0
DA:1115,0
DA:1116,0
DA:1120,0
DA:1121,0
DA:1122,0
DA:1126,0
DA:1127,0
DA:1128,0
DA:1129,0
DA:1131,0
DA:1132,0
DA:1135,0
DA:1136,0
DA:1137,0
DA:1138,0
DA:1139,0
DA:1140,0
DA:1141,0
DA:1142,0
DA:1144,0
DA:1148,0
DA:1151,0
DA:1155,0
DA:1156,0
DA:1157,0
DA:1158,0
DA:1159,0
DA:1160,0
DA:1161,0
DA:1162,0
DA:1163,0
DA:1164,0
DA:1165,0
DA:1166,0
DA:1167,0
DA:1168,0
DA:1169,0
DA:1170,0
DA:1171,0
DA:1172,0
DA:1173,0
DA:1174,0
DA:1175,0
DA:1176,0
DA:1178,0
DA:1180,0
DA:1182,0
DA:1183,0
DA:1185,0
DA:1186,0
DA:1187,0
DA:1188,0
DA:1189,0
DA:1190,0
DA:1191,0
DA:1192,0
DA:1193,0
DA:1194,0
DA:1195,0
DA:1197,0
DA:1198,0
DA:1200,0
DA:1201,0
DA:1202,0
DA:1203,0
DA:1204,0
DA:1205,0
DA:1207,0
DA:1208,0
DA:1210,0
DA:1211,0
DA:1212,0
DA:1213,0
DA:1214,0
DA:1215,0
DA:1216,0
DA:1217,0
DA:1218,0
DA:1219,0
DA:1220,0
DA:1221,0
DA:1222,0
DA:1223,0
DA:1224,0
DA:1229,0
DA:1230,0
DA:1231,0
DA:1232,0
DA:1233,0
DA:1235,0
DA:1236,0
DA:1237,0
DA:1238,0
DA:1242,0
DA:1244,0
DA:1245,0
DA:1246,0
DA:1247,0
DA:1248,0
DA:1251,0
DA:1254,0
DA:1258,0
DA:1259,0
DA:1260,0
DA:1262,0
DA:1264,0
DA:1265,0
DA:1269,0
DA:1270,0
DA:1273,0
DA:1274,0
DA:1275,0
DA:1276,0
DA:1277,0
DA:1280,0
DA:1281,0
DA:1282,0
DA:1283,0
DA:1284,0
DA:1287,0
DA:1288,0
DA:1289,0
DA:1290,0
DA:1292,0
DA:1294,0
DA:1295,0
DA:1313,0
DA:1314,0
DA:1315,0
DA:1317,0
DA:1318,0
DA:1319,0
DA:1321,0
DA:1322,0
DA:1323,0
DA:1324,0
DA:1325,0
DA:1326,0
DA:1327,0
DA:1328,0
DA:1329,0
DA:1330,0
DA:1331,0
DA:1332,0
DA:1333,0
DA:1334,0
DA:1335,0
DA:1336,0
DA:1339,0
DA:1340,0
DA:1341,0
DA:1342,0
DA:1343,0
DA:1344,0
DA:1345,0
DA:1346,0
DA:1347,0
DA:1348,0
DA:1349,0
DA:1350,0
DA:1351,0
DA:1352,0
DA:1353,0
DA:1355,0
DA:1356,0
DA:1357,0
DA:1358,0
DA:1360,0
DA:1361,0
DA:1362,0
DA:1363,0
DA:1364,0
DA:1365,0
DA:1366,0
DA:1367,0
DA:1368,0
DA:1369,0
DA:1370,0
DA:1371,0
DA:1372,0
DA:1373,0
DA:1374,0
DA:1375,0
DA:1376,0
DA:1378,0
DA:1382,0
DA:1386,0
DA:1388,0
DA:1389,0
DA:1390,0
DA:1392,0
DA:1393,0
DA:1395,0
DA:1396,0
DA:1397,0
DA:1398,0
DA:1402,0
DA:1406,0
DA:1411,0
DA:1412,0
DA:1413,0
DA:1415,0
DA:1416,0
DA:1417,0
DA:1419,0
DA:1420,0
DA:1423,0
DA:1426,0
DA:1428,0
DA:1429,0
DA:1431,0
DA:1432,0
DA:1433,0
DA:1435,0
DA:1436,0
DA:1438,0
DA:1439,0
DA:1440,0
DA:1441,0
DA:1442,0
DA:1443,0
DA:1444,0
DA:1445,0
DA:1447,0
DA:1448,0
DA:1450,0
DA:1451,0
DA:1452,0
DA:1454,0
DA:1455,0
DA:1456,0
DA:1457,0
DA:1458,0
DA:1460,0
DA:1464,0
DA:1469,0
DA:1474,0
DA:1475,0
DA:1476,0
DA:1478,0
DA:1479,0
DA:1480,0
DA:1482,0
DA:1484,0
DA:1488,0
DA:1489,0
DA:1490,0
DA:1492,0
DA:1493,0
DA:1495,0
DA:1496,0
DA:1497,0
DA:1498,0
DA:1499,0
DA:1500,0
DA:1501,0
DA:1502,0
DA:1504,0
DA:1505,0
DA:1507,0
DA:1509,0
DA:1510,0
DA:1511,0
DA:1513,0
DA:1514,0
DA:1515,0
DA:1519,0
DA:1521,0
DA:1522,0
DA:1523,0
DA:1525,0
DA:1526,0
DA:1528,0
DA:1529,0
DA:1530,0
DA:1532,0
DA:1533,0
DA:1534,0
DA:1537,0
DA:1541,0
DA:1545,0
DA:1551,0
DA:1553,0
DA:1554,0
DA:1556,0
DA:1557,0
DA:1559,0
DA:1560,0
DA:1561,0
DA:1563,0
DA:1564,0
DA:1565,0
DA:1567,0
DA:1568,0
DA:1570,0
DA:1571,0
DA:1572,0
DA:1574,0
DA:1575,0
DA:1577,0
DA:1579,0
DA:1580,0
DA:1584,0
DA:1585,0
DA:1586,0
DA:1588,0
DA:1589,0
DA:1590,0
DA:1593,0
DA:1594,0
DA:1598,0
DA:1599,0
DA:1600,0
DA:1602,0
DA:1603,0
DA:1605,0
DA:1607,0
DA:1608,0
DA:1609,0
DA:1611,0
DA:1612,0
DA:1614,0
DA:1616,0
DA:1617,0
DA:1619,0
DA:1622,0
DA:1623,0
DA:1624,0
DA:1626,0
DA:1627,0
DA:1628,0
DA:1632,0
DA:1635,0
DA:1636,0
DA:1637,0
DA:1638,0
DA:1640,0
DA:1641,0
DA:1642,0
DA:1644,0
DA:1646,0
DA:1647,0
DA:1648,0
DA:1649,0
DA:1650,0
DA:1654,0
DA:1655,0
DA:1660,0
DA:1661,0
DA:1663,0
DA:1665,0
DA:1667,0
DA:1668,0
DA:1673,0
DA:1675,0
DA:1676,0
DA:1682,0
DA:1683,0
DA:1684,0
DA:1685,0
DA:1687,0
DA:1688,0
DA:1689,0
DA:1693,0
DA:1697,0
DA:1701,0
DA:1702,0
DA:1704,0
DA:1705,0
DA:1708,0
DA:1709,0
DA:1710,0
DA:1712,0
DA:1713,0
DA:1716,0
DA:1717,0
DA:1718,0
DA:1720,0
DA:1721,0
DA:1724,0
DA:1727,0
DA:1728,0
DA:1729,0
DA:1731,0
DA:1732,0
DA:1733,0
DA:1736,0
DA:1737,0
DA:1741,0
DA:1744,0
DA:1750,0
DA:1752,0
DA:1753,0
DA:1755,0
DA:1756,0
DA:1758,0
DA:1760,0
DA:1762,0
DA:1764,0
DA:1765,0
DA:1768,0
DA:1769,0
DA:1770,0
DA:1772,0
DA:1773,0
DA:1775,0
DA:1776,0
DA:1777,0
DA:1778,0
DA:1779,0
DA:1780,0
DA:1781,0
DA:1782,0
DA:1783,0
DA:1784,0
DA:1785,0
DA:1786,0
DA:1789,0
DA:1791,0
DA:1795,0
DA:1798,0
DA:1806,0
DA:1808,0
DA:1809,0
DA:1811,0
DA:1812,0
DA:1814,0
DA:1816,0
DA:1818,0
DA:1820,0
DA:1821,0
DA:1824,0
DA:1825,0
DA:1826,0
DA:1827,0
DA:1828,0
DA:1829,0
DA:1830,0
DA:1831,0
DA:1832,0
DA:1833,0
DA:1835,0
DA:1836,0
DA:1838,0
DA:1839,0
DA:1840,0
DA:1841,0
DA:1842,0
DA:1843,0
DA:1844,0
DA:1845,0
DA:1846,0
DA:1847,0
DA:1848,0
DA:1849,0
DA:1850,0
DA:1853,0
DA:1855,0
DA:1859,0
DA:1862,0
DA:1870,0
DA:1872,0
DA:1873,0
DA:1875,0
DA:1876,0
DA:1878,0
DA:1880,0
DA:1882,0
DA:1884,0
DA:1885,0
DA:1888,0
DA:1889,0
DA:1890,0
DA:1891,0
DA:1892,0
DA:1893,0
DA:1894,0
DA:1895,0
DA:1896,0
DA:1897,0
DA:1899,0
DA:1900,0
DA:1902,0
DA:1903,0
DA:1904,0
DA:1905,0
DA:1906,0
DA:1907,0
DA:1908,0
DA:1909,0
DA:1910,0
DA:1911,0
DA:1912,0
DA:1913,0
DA:1914,0
DA:1917,0
DA:1919,0
DA:1923,0
DA:1931,0
DA:1933,0
DA:1935,0
DA:1936,0
DA:1938,0
DA:1939,0
DA:1940,0
DA:1941,0
DA:1942,0
DA:1943,0
DA:1944,0
DA:1945,0
DA:1946,0
DA:1947,0
DA:1948,0
DA:1949,0
DA:1950,0
DA:1951,0
DA:1952,0
DA:1953,0
DA:1955,0
DA:1956,0
DA:1958,0
DA:1959,0
DA:1961,0
DA:1962,0
DA:1964,0
DA:1965,0
DA:1966,0
DA:1967,0
DA:1968,0
DA:1969,0
DA:1970,0
DA:1971,0
DA:1972,0
DA:1973,0
DA:1975,0
DA:1976,0
DA:1979,0
DA:1980,0
DA:1982,0
DA:1983,0
DA:1984,0
DA:1985,0
DA:1988,0
DA:1989,0
DA:1990,0
DA:1992,0
DA:1993,0
DA:1994,0
DA:1995,0
DA:1996,0
DA:1999,0
DA:2001,0
DA:2002,0
DA:2003,0
DA:2006,0
DA:2010,0
DA:2012,0
DA:2014,0
DA:2015,0
DA:2016,0
DA:2018,0
DA:2019,0
DA:2020,0
DA:2021,0
DA:2025,0
DA:2027,0
DA:2029,0
DA:2030,0
DA:2031,0
DA:2033,0
DA:2034,0
DA:2038,0
DA:2040,0
DA:2041,0
DA:2042,0
DA:2043,0
DA:2046,0
DA:2049,0
DA:2050,0
DA:2051,0
DA:2052,0
DA:2053,0
DA:2054,0
DA:2055,0
DA:2059,0
DA:2064,0
DA:2065,0
DA:2066,0
DA:2069,0
DA:2071,0
DA:2072,0
DA:2073,0
DA:2075,0
DA:2076,0
DA:2077,0
DA:2078,0
DA:2079,0
DA:2080,0
DA:2081,0
DA:2082,0
DA:2083,0
DA:2084,0
DA:2088,0
DA:2092,0
DA:2093,0
DA:2094,0
DA:2095,0
DA:2096,0
DA:2097,0
DA:2098,0
DA:2099,0
DA:2101,0
DA:2102,0
DA:2103,0
DA:2104,0
DA:2105,0
DA:2106,0
DA:2107,0
DA:2115,0
DA:2118,0
DA:2120,0
DA:2121,0
DA:2124,0
DA:2125,0
DA:2127,0
DA:2128,0
DA:2129,0
DA:2130,0
DA:2131,0
DA:2132,0
DA:2133,0
DA:2134,0
DA:2135,0
DA:2136,0
DA:2137,0
DA:2138,0
DA:2139,0
DA:2140,0
DA:2141,0
DA:2142,0
DA:2143,0
DA:2144,0
DA:2145,0
DA:2146,0
DA:2147,0
DA:2148,0
DA:2149,0
DA:2150,0
DA:2151,0
DA:2152,0
DA:2153,0
DA:2154,0
DA:2155,0
DA:2156,0
DA:2157,0
DA:2158,0
DA:2159,0
DA:2160,0
DA:2161,0
DA:2162,0
DA:2163,0
DA:2164,0
DA:2165,0
DA:2166,0
DA:2167,0
DA:2168,0
DA:2169,0
DA:2170,0
DA:2171,0
DA:2172,0
DA:2173,0
DA:2174,0
DA:2175,0
DA:2176,0
DA:2177,0
DA:2178,0
DA:2179,0
DA:2180,0
DA:2181,0
DA:2182,0
DA:2183,0
DA:2184,0
DA:2186,0
DA:2187,0
DA:2191,0
DA:2193,0
DA:2195,0
DA:2196,0
DA:2197,0
DA:2198,0
DA:2199,0
DA:2200,0
DA:2203,0
DA:2205,0
DA:2206,0
DA:2208,0
DA:2209,0
DA:2211,0
DA:2212,0
DA:2215,0
DA:2217,0
DA:2218,0
DA:2220,0
DA:2221,0
DA:2223,0
DA:2224,0
DA:2227,0
DA:2229,0
DA:2230,0
DA:2232,0
DA:2233,0
DA:2235,0
DA:2236,0
DA:2239,0
DA:2241,0
DA:2243,0
DA:2245,0
DA:2246,0
DA:2247,0
DA:2248,0
DA:2249,0
DA:2250,0
DA:2251,0
DA:2252,0
DA:2254,0
DA:2255,0
DA:2258,0
DA:2260,0
DA:2262,0
DA:2263,0
DA:2264,0
DA:2265,0
DA:2267,0
DA:2268,0
DA:2270,0
DA:2272,0
DA:2273,0
DA:2275,0
DA:2276,0
DA:2278,0
DA:2279,0
DA:2282,0
DA:2284,0
DA:2286,0
DA:2288,0
DA:2289,0
DA:2290,0
DA:2291,0
DA:2294,0
DA:2296,0
DA:2298,0
DA:2299,0
DA:2300,0
DA:2301,0
DA:2303,0
DA:2304,0
DA:2306,0
DA:2307,0
DA:2310,0
DA:2312,0
DA:2315,0
DA:2317,0
DA:2319,0
DA:2320,0
DA:2321,0
DA:2322,0
DA:2323,0
DA:2326,0
DA:2328,0
DA:2329,0
DA:2331,0
DA:2332,0
DA:2333,0
DA:2335,0
DA:2336,0
DA:2337,0
DA:2338,0
DA:2340,0
DA:2342,0
DA:2343,0
DA:2344,0
DA:2346,0
DA:2347,0
DA:2348,0
DA:2349,0
DA:2350,0
DA:2351,0
DA:2352,0
DA:2355,0
DA:2359,0
DA:2361,0
DA:2363,0
DA:2364,0
DA:2365,0
DA:2366,0
DA:2367,0
DA:2368,0
DA:2369,0
DA:2370,0
DA:2371,0
DA:2374,0
DA:2376,0
DA:2378,0
DA:2379,0
DA:2380,0
DA:2381,0
DA:2382,0
DA:2386,0
DA:2388,0
DA:2394,0
DA:2396,0
DA:2402,0
DA:2404,0
DA:2410,0
DA:2412,0
DA:2418,0
DA:2420,0
DA:2426,0
DA:2428,0
DA:2429,0
DA:2434,0
DA:2437,0
DA:2438,0
DA:2439,0
DA:2442,0
DA:2445,0
DA:2446,0
DA:2447,0
DA:2448,0
DA:2451,0
DA:2454,0
DA:2457,0
DA:2459,0
DA:2460,0
DA:2461,0
DA:2462,0
DA:2463,0
DA:2465,0
DA:2466,0
DA:2468,0
DA:2469,0
DA:2470,0
DA:2474,0
DA:2476,0
DA:2478,0
DA:2479,0
DA:2480,0
DA:2483,0
DA:2485,0
DA:2487,0
DA:2488,0
DA:2489,0
DA:2493,0
DA:2496,0
end_of_record
TN:
SF:/home/fuzz/project/fuzzing_libtiff/tiff-4.0.4/libtiff/tif_fax3.c
FN:147,Fax3PreDecode
FNDA:0,Fax3PreDecode
FN:180,Fax3Unexpected
FNDA:0,Fax3Unexpected
FN:190,Fax3Extension
FNDA:0,Fax3Extension
FN:201,Fax3BadLength
FNDA:0,Fax3BadLength
FN:212,Fax3PrematureEOF
FNDA:0,Fax3PrematureEOF
FN:227,Fax3Decode1D
FNDA:0,Fax3Decode1D
FN:270,Fax3Decode2D
FNDA:0,Fax3Decode2D
FN:368,_TIFFFax3fillruns
FNDA:0,_TIFFFax3fillruns
FN:458,Fax3FixupTags
FNDA:0,Fax3FixupTags
FN:472,Fax3SetupState
FNDA:0,Fax3SetupState
FN:602,Fax3PutBits
FNDA:0,Fax3PutBits
FN:637,putspan
FNDA:0,putspan
FN:680,Fax3PutEOL
FNDA:0,Fax3PutEOL
FN:717,Fax3PreEncode
FNDA:0,Fax3PreEncode
FN:808,find0span
FNDA:0,find0span
FN:867,find1span
FNDA:0,find1span
FN:946,Fax3Encode1DRow
FNDA:0,Fax3Encode1DRow
FN:993,Fax3Encode2DRow
FNDA:0,Fax3Encode2DRow
FN:1038,Fax3Encode
FNDA:0,Fax3Encode
FN:1078,Fax3PostEncode
FNDA:0,Fax3PostEncode
FN:1088,Fax3Close
FNDA:0,Fax3Close
FN:1105,Fax3Cleanup
FNDA:0,Fax3Cleanup
FN:1146,Fax3VSetField
FNDA:0,Fax3VSetField
FN:1194,Fax3VGetField
FNDA:0,Fax3VGetField
FN:1227,Fax3PrintDir
FNDA:0,Fax3PrintDir
FN:1281,InitCCITTFax3
FNDA:0,InitCCITTFax3
FN:1349,TIFFInitCCITTFax3
FNDA:0,TIFFInitCCITTFax3
FN:1381,Fax4Decode
FNDA:0,Fax4Decode
FN:1433,Fax4Encode
FNDA:0,Fax4Encode
FN:1454,Fax4PostEncode
FNDA:0,Fax4PostEncode
FN:1467,TIFFInitCCITTFax4
FNDA:0,TIFFInitCCITTFax4
FN:1505,Fax3DecodeRLE
FNDA:0,Fax3DecodeRLE
FN:1554,TIFFInitCCITTRLE
FNDA:0,TIFFInitCCITTRLE
FN:1571,TIFFInitCCITTRLEW
FNDA:0,TIFFInitCCITTRLEW
DA:147,0
DA:149,0
DA:152,0
DA:153,0
DA:154,0
DA:155,0
DA:163,0
DA:164,0
DA:165,0
DA:166,0
DA:167,0
DA:169,0
DA:170,0
DA:180,0
DA:182,0
DA:183,0
DA:184,0
DA:186,0
DA:190,0
DA:192,0
DA:194,0
DA:195,0
DA:197,0
DA:201,0
DA:203,0
DA:205,0
DA:206,0
DA:208,0
DA:212,0
DA:214,0
DA:215,0
DA:216,0
DA:218,0
DA:227,0
DA:228,0
DA:229,0
DA:231,0
DA:233,0
DA:234,0
DA:236,0
DA:237,0
DA:238,0
DA:239,0
DA:240,0
DA:241,0
DA:247,0
DA:248,0
DA:249,0
DA:250,0
DA:251,0
DA:252,0
DA:253,0
DA:254,0
DA:255,0
DA:256,0
DA:257,0
DA:258,0
DA:259,0
DA:261,0
DA:262,0
DA:270,0
DA:271,0
DA:272,0
DA:275,0
DA:277,0
DA:278,0
DA:280,0
DA:281,0
DA:282,0
DA:283,0
DA:284,0
DA:289,0
DA:290,0
DA:291,0
DA:292,0
DA:298,0
DA:299,0
DA:300,0
DA:301,0
DA:303,0
DA:304,0
DA:305,0
DA:306,0
DA:307,0
DA:308,0
DA:309,0
DA:310,0
DA:311,0
DA:312,0
DA:313,0
DA:314,0
DA:315,0
DA:316,0
DA:318,0
DA:319,0
DA:368,0
DA:377,0
DA:378,0
DA:379,0
DA:380,0
DA:381,0
DA:382,0
DA:383,0
DA:384,0
DA:385,0
DA:386,0
DA:387,0
DA:388,0
DA:389,0
DA:390,0
DA:392,0
DA:393,0
DA:397,0
DA:398,0
DA:399,0
DA:400,0
DA:401,0
DA:403,0
DA:404,0
DA:405,0
DA:407,0
DA:408,0
DA:410,0
DA:411,0
DA:413,0
DA:414,0
DA:416,0
DA:417,0
DA:418,0
DA:419,0
DA:420,0
DA:421,0
DA:422,0
DA:423,0
DA:424,0
DA:425,0
DA:427,0
DA:428,0
DA:432,0
DA:433,0
DA:434,0
DA:435,0
DA:436,0
DA:438,0
DA:439,0
DA:440,0
DA:442,0
DA:443,0
DA:445,0
DA:446,0
DA:448,0
DA:449,0
DA:452,0
DA:453,0
DA:458,0
DA:461,0
DA:472,0
DA:475,0
DA:476,0
DA:478,0
DA:482,0
DA:483,0
DA:485,0
DA:490,0
DA:491,0
DA:492,0
DA:494,0
DA:495,0
DA:497,0
DA:498,0
DA:502,0
DA:503,0
DA:504,0
DA:512,0
DA:513,0
DA:514,0
DA:515,0
DA:517,0
DA:518,0
DA:521,0
DA:523,0
DA:524,0
DA:527,0
DA:528,0
DA:529,0
DA:530,0
DA:531,0
DA:532,0
DA:534,0
DA:535,0
DA:536,0
DA:537,0
DA:538,0
DA:539,0
DA:542,0
DA:543,0
DA:551,0
DA:552,0
DA:553,0
DA:555,0
DA:558,0
DA:560,0
DA:602,0
DA:604,0
DA:605,0
DA:606,0
DA:608,0
DA:610,0
DA:611,0
DA:612,0
DA:637,0
DA:639,0
DA:640,0
DA:641,0
DA:644,0
DA:645,0
DA:646,0
DA:650,0
DA:651,0
DA:653,0
DA:654,0
DA:655,0
DA:656,0
DA:660,0
DA:661,0
DA:663,0
DA:667,0
DA:669,0
DA:670,0
DA:671,0
DA:680,0
DA:682,0
DA:683,0
DA:684,0
DA:687,0
DA:693,0
DA:694,0
DA:695,0
DA:696,0
DA:698,0
DA:699,0
DA:700,0
DA:701,0
DA:704,0
DA:705,0
DA:706,0
DA:707,0
DA:709,0
DA:710,0
DA:711,0
DA:717,0
DA:719,0
DA:722,0
DA:723,0
DA:724,0
DA:725,0
DA:731,0
DA:732,0
DA:733,0
DA:734,0
DA:745,0
DA:746,0
DA:747,0
DA:748,0
DA:750,0
DA:751,0
DA:752,0
DA:808,0
DA:810,0
DA:813,0
DA:817,0
DA:818,0
DA:819,0
DA:820,0
DA:821,0
DA:822,0
DA:823,0
DA:824,0
DA:825,0
DA:826,0
DA:828,0
DA:829,0
DA:834,0
DA:835,0
DA:836,0
DA:837,0
DA:838,0
DA:840,0
DA:841,0
DA:842,0
DA:843,0
DA:845,0
DA:850,0
DA:851,0
DA:852,0
DA:853,0
DA:854,0
DA:859,0
DA:860,0
DA:861,0
DA:863,0
DA:867,0
DA:869,0
DA:872,0
DA:876,0
DA:877,0
DA:878,0
DA:879,0
DA:880,0
DA:881,0
DA:882,0
DA:883,0
DA:884,0
DA:885,0
DA:887,0
DA:888,0
DA:893,0
DA:894,0
DA:895,0
DA:896,0
DA:897,0
DA:899,0
DA:900,0
DA:901,0
DA:902,0
DA:904,0
DA:909,0
DA:910,0
DA:911,0
DA:912,0
DA:913,0
DA:918,0
DA:919,0
DA:920,0
DA:922,0
DA:946,0
DA:948,0
DA:950,0
DA:953,0
DA:954,0
DA:955,0
DA:956,0
DA:957,0
DA:958,0
DA:959,0
DA:960,0
DA:961,0
DA:962,0
DA:964,0
DA:965,0
DA:966,0
DA:967,0
DA:968,0
DA:969,0
DA:971,0
DA:993,0
DA:996,0
DA:997,0
DA:998,0
DA:1002,0
DA:1003,0
DA:1004,0
DA:1005,0
DA:1006,0
DA:1007,0
DA:1008,0
DA:1009,0
DA:1010,0
DA:1012,0
DA:1013,0
DA:1015,0
DA:1017,0
DA:1018,0
DA:1021,0
DA:1022,0
DA:1024,0
DA:1025,0
DA:1026,0
DA:1027,0
DA:1028,0
DA:1030,0
DA:1038,0
DA:1041,0
DA:1043,0
DA:1045,0
DA:1046,0
DA:1048,0
DA:1049,0
DA:1050,0
DA:1051,0
DA:1052,0
DA:1053,0
DA:1054,0
DA:1055,0
DA:1057,0
DA:1059,0
DA:1060,0
DA:1062,0
DA:1063,0
DA:1064,0
DA:1066,0
DA:1068,0
DA:1069,0
DA:1071,0
DA:1072,0
DA:1074,0
DA:1078,0
DA:1080,0
DA:1082,0
DA:1083,0
DA:1084,0
DA:1088,0
DA:1090,0
DA:1091,0
DA:1092,0
DA:1093,0
DA:1096,0
DA:1097,0
DA:1098,0
DA:1099,0
DA:1100,0
DA:1102,0
DA:1105,0
DA:1107,0
DA:1109,0
DA:1111,0
DA:1112,0
DA:1113,0
DA:1115,0
DA:1116,0
DA:1117,0
DA:1118,0
DA:1120,0
DA:1121,0
DA:1123,0
DA:1124,0
DA:1146,0
DA:1148,0
DA:1151,0
DA:1152,0
DA:1154,0
DA:1155,0
DA:1156,0
DA:1157,0
DA:1158,0
DA:1159,0
DA:1160,0
DA:1161,0
DA:1163,0
DA:1164,0
DA:1165,0
DA:1166,0
DA:1168,0
DA:1169,0
DA:1170,0
DA:1171,0
DA:1172,0
DA:1173,0
DA:1174,0
DA:1175,0
DA:1176,0
DA:1177,0
DA:1178,0
DA:1179,0
DA:1180,0
DA:1181,0
DA:1184,0
DA:1185,0
DA:1187,0
DA:1189,0
DA:1190,0
DA:1194,0
DA:1196,0
DA:1198,0
DA:1200,0
DA:1201,0
DA:1202,0
DA:1203,0
DA:1204,0
DA:1205,0
DA:1206,0
DA:1207,0
DA:1209,0
DA:1210,0
DA:1211,0
DA:1212,0
DA:1213,0
DA:1214,0
DA:1215,0
DA:1216,0
DA:1217,0
DA:1218,0
DA:1219,0
DA:1220,0
DA:1221,0
DA:1223,0
DA:1227,0
DA:1229,0
DA:1231,0
DA:1234,0
DA:1235,0
DA:1236,0
DA:1237,0
DA:1238,0
DA:1239,0
DA:1242,0
DA:1243,0
DA:1244,0
DA:1245,0
DA:1246,0
DA:1247,0
DA:1248,0
DA:1250,0
DA:1251,0
DA:1252,0
DA:1254,0
DA:1255,0
DA:1256,0
DA:1257,0
DA:1258,0
DA:1259,0
DA:1260,0
DA:1261,0
DA:1262,0
DA:1263,0
DA:1264,0
DA:1265,0
DA:1267,0
DA:1268,0
DA:1270,0
DA:1271,0
DA:1272,0
DA:1273,0
DA:1274,0
DA:1275,0
DA:1276,0
DA:1277,0
DA:1278,0
DA:1281,0
DA:1289,0
DA:1290,0
DA:1292,0
DA:1298,0
DA:1299,0
DA:1301,0
DA:1302,0
DA:1304,0
DA:1307,0
DA:1308,0
DA:1313,0
DA:1314,0
DA:1315,0
DA:1316,0
DA:1317,0
DA:1318,0
DA:1319,0
DA:1321,0
DA:1322,0
DA:1323,0
DA:1324,0
DA:1325,0
DA:1330,0
DA:1331,0
DA:1332,0
DA:1333,0
DA:1334,0
DA:1335,0
DA:1336,0
DA:1337,0
DA:1338,0
DA:1339,0
DA:1340,0
DA:1341,0
DA:1342,0
DA:1343,0
DA:1345,0
DA:1349,0
DA:1352,0
DA:1356,0
DA:1358,0
DA:1360,0
DA:1366,0
DA:1368,0
DA:1381,0
DA:1382,0
DA:1383,0
DA:1385,0
DA:1387,0
DA:1388,0
DA:1390,0
DA:1391,0
DA:1392,0
DA:1393,0
DA:1394,0
DA:1395,0
DA:1396,0
DA:1402,0
DA:1403,0
DA:1404,0
DA:1405,0
DA:1406,0
DA:1407,0
DA:1408,0
DA:1409,0
DA:1410,0
DA:1411,0
DA:1412,0
DA:1413,0
DA:1414,0
DA:1419,0
DA:1420,0
DA:1421,0
DA:1422,0
DA:1424,0
DA:1425,0
DA:1433,0
DA:1436,0
DA:1438,0
DA:1440,0
DA:1441,0
DA:1443,0
DA:1444,0
DA:1445,0
DA:1446,0
DA:1447,0
DA:1448,0
DA:1450,0
DA:1454,0
DA:1456,0
DA:1459,0
DA:1460,0
DA:1461,0
DA:1462,0
DA:1463,0
DA:1467,0
DA:1470,0
DA:1474,0
DA:1476,0
DA:1478,0
DA:1481,0
DA:1482,0
DA:1483,0
DA:1484,0
DA:1485,0
DA:1486,0
DA:1487,0
DA:1491,0
DA:1493,0
DA:1505,0
DA:1506,0
DA:1507,0
DA:1508,0
DA:1510,0
DA:1512,0
DA:1513,0
DA:1515,0
DA:1516,0
DA:1517,0
DA:1518,0
DA:1519,0
DA:1520,0
DA:1526,0
DA:1527,0
DA:1531,0
DA:1532,0
DA:1533,0
DA:1534,0
DA:1535,0
DA:1536,0
DA:1537,0
DA:1538,0
DA:1540,0
DA:1541,0
DA:1542,0
DA:1543,0
DA:1544,0
DA:1545,0
DA:1546,0
DA:1547,0
DA:1549,0
DA:1550,0
DA:1554,0
DA:1557,0
DA:1558,0
DA:1559,0
DA:1560,0
DA:1564,0
DA:1567,0
DA:1571,0
DA:1574,0
DA:1575,0
DA:1576,0
DA:1577,0
DA:1581,0
DA:1584,0
end_of_record
TN:
SF:/home/fuzz/project/fuzzing_libtiff/tiff-4.0.4/libtiff/tif_pixarlog.c
FN:114,horizontalAccumulateF
FNDA:0,horizontalAccumulateF
FN:177,horizontalAccumulate12
FNDA:0,horizontalAccumulate12
FN:245,horizontalAccumulate16
FNDA:0,horizontalAccumulate16
FN:297,horizontalAccumulate11
FNDA:0,horizontalAccumulate11
FN:340,horizontalAccumulate8
FNDA:0,horizontalAccumulate8
FN:389,horizontalAccumulate8abgr
FNDA:0,horizontalAccumulate8abgr
FN:480,PixarLogMakeTables
FNDA:0,PixarLogMakeTables
FN:602,PixarLogGuessDataFmt
FNDA:0,PixarLogGuessDataFmt
FN:637,multiply_ms
FNDA:0,multiply_ms
FN:648,add_ms
FNDA:0,add_ms
FN:662,PixarLogFixupTags
FNDA:0,PixarLogFixupTags
FN:669,PixarLogSetupDecode
FNDA:0,PixarLogSetupDecode
FN:717,PixarLogPreDecode
FNDA:0,PixarLogPreDecode
FN:739,PixarLogDecode
FNDA:0,PixarLogDecode
FN:873,PixarLogSetupEncode
FNDA:0,PixarLogSetupEncode
FN:913,PixarLogPreEncode
FNDA:0,PixarLogPreEncode
FN:935,horizontalDifferenceF
FNDA:0,horizontalDifferenceF
FN:992,horizontalDifference16
FNDA:0,horizontalDifference16
FN:1046,horizontalDifference8
FNDA:0,horizontalDifference8
FN:1101,PixarLogEncode
FNDA:0,PixarLogEncode
FN:1195,PixarLogPostEncode
FNDA:0,PixarLogPostEncode
FN:1226,PixarLogClose
FNDA:0,PixarLogClose
FN:1243,PixarLogCleanup
FNDA:0,PixarLogCleanup
FN:1275,PixarLogVSetField
FNDA:0,PixarLogVSetField
FN:1337,PixarLogVGetField
FNDA:0,PixarLogVGetField
FN:1360,TIFFInitPixarLog
FNDA:0,TIFFInitPixarLog
DA:114,0
DA:120,0
DA:121,0
DA:122,0
DA:123,0
DA:124,0
DA:125,0
DA:126,0
DA:127,0
DA:128,0
DA:129,0
DA:130,0
DA:131,0
DA:132,0
DA:133,0
DA:134,0
DA:135,0
DA:136,0
DA:137,0
DA:138,0
DA:139,0
DA:141,0
DA:142,0
DA:143,0
DA:144,0
DA:145,0
DA:146,0
DA:147,0
DA:148,0
DA:149,0
DA:150,0
DA:151,0
DA:152,0
DA:153,0
DA:154,0
DA:155,0
DA:156,0
DA:157,0
DA:158,0
DA:159,0
DA:160,0
DA:161,0
DA:162,0
DA:165,0
DA:166,0
DA:167,0
DA:168,0
DA:170,0
DA:174,0
DA:177,0
DA:186,0
DA:187,0
DA:188,0
DA:189,0
DA:190,0
DA:191,0
DA:192,0
DA:193,0
DA:194,0
DA:195,0
DA:196,0
DA:197,0
DA:198,0
DA:199,0
DA:200,0
DA:201,0
DA:202,0
DA:203,0
DA:204,0
DA:205,0
DA:207,0
DA:208,0
DA:209,0
DA:210,0
DA:211,0
DA:212,0
DA:213,0
DA:214,0
DA:215,0
DA:216,0
DA:217,0
DA:218,0
DA:219,0
DA:220,0
DA:221,0
DA:222,0
DA:223,0
DA:224,0
DA:225,0
DA:226,0
DA:227,0
DA:228,0
DA:231,0
DA:233,0
DA:234,0
DA:235,0
DA:238,0
DA:242,0
DA:245,0
DA:250,0
DA:251,0
DA:252,0
DA:253,0
DA:254,0
DA:255,0
DA:256,0
DA:257,0
DA:258,0
DA:259,0
DA:260,0
DA:261,0
DA:262,0
DA:263,0
DA:265,0
DA:266,0
DA:267,0
DA:268,0
DA:269,0
DA:270,0
DA:271,0
DA:272,0
DA:273,0
DA:274,0
DA:275,0
DA:276,0
DA:277,0
DA:278,0
DA:281,0
DA:282,0
DA:283,0
DA:284,0
DA:286,0
DA:290,0
DA:297,0
DA:301,0
DA:302,0
DA:303,0
DA:304,0
DA:305,0
DA:306,0
DA:307,0
DA:308,0
DA:309,0
DA:310,0
DA:311,0
DA:312,0
DA:314,0
DA:315,0
DA:316,0
DA:317,0
DA:318,0
DA:319,0
DA:320,0
DA:321,0
DA:322,0
DA:323,0
DA:324,0
DA:325,0
DA:328,0
DA:329,0
DA:330,0
DA:331,0
DA:333,0
DA:337,0
DA:340,0
DA:345,0
DA:346,0
DA:347,0
DA:348,0
DA:349,0
DA:350,0
DA:351,0
DA:352,0
DA:353,0
DA:354,0
DA:355,0
DA:356,0
DA:357,0
DA:358,0
DA:360,0
DA:361,0
DA:362,0
DA:363,0
DA:364,0
DA:365,0
DA:366,0
DA:367,0
DA:368,0
DA:369,0
DA:370,0
DA:371,0
DA:372,0
DA:373,0
DA:376,0
DA:377,0
DA:378,0
DA:379,0
DA:381,0
DA:385,0
DA:389,0
DA:395,0
DA:396,0
DA:397,0
DA:398,0
DA:399,0
DA:400,0
DA:401,0
DA:402,0
DA:403,0
DA:404,0
DA:405,0
DA:406,0
DA:407,0
DA:408,0
DA:409,0
DA:410,0
DA:411,0
DA:412,0
DA:413,0
DA:414,0
DA:415,0
DA:416,0
DA:418,0
DA:419,0
DA:420,0
DA:421,0
DA:422,0
DA:423,0
DA:424,0
DA:425,0
DA:426,0
DA:427,0
DA:428,0
DA:429,0
DA:430,0
DA:431,0
DA:432,0
DA:433,0
DA:434,0
DA:435,0
DA:436,0
DA:437,0
DA:438,0
DA:439,0
DA:442,0
DA:443,0
DA:444,0
DA:445,0
DA:447,0
DA:451,0
DA:480,0
DA:504,0
DA:505,0
DA:506,0
DA:507,0
DA:508,0
DA:510,0
DA:511,0
DA:512,0
DA:513,0
DA:514,0
DA:515,0
DA:516,0
DA:517,0
DA:518,0
DA:519,0
DA:520,0
DA:521,0
DA:522,0
DA:523,0
DA:524,0
DA:525,0
DA:526,0
DA:527,0
DA:528,0
DA:529,0
DA:530,0
DA:531,0
DA:532,0
DA:533,0
DA:536,0
DA:538,0
DA:539,0
DA:540,0
DA:543,0
DA:544,0
DA:546,0
DA:548,0
DA:549,0
DA:550,0
DA:551,0
DA:552,0
DA:555,0
DA:556,0
DA:557,0
DA:558,0
DA:559,0
DA:567,0
DA:568,0
DA:569,0
DA:570,0
DA:571,0
DA:574,0
DA:575,0
DA:576,0
DA:577,0
DA:578,0
DA:581,0
DA:583,0
DA:584,0
DA:585,0
DA:586,0
DA:587,0
DA:588,0
DA:590,0
DA:602,0
DA:604,0
DA:605,0
DA:610,0
DA:611,0
DA:612,0
DA:613,0
DA:614,0
DA:615,0
DA:616,0
DA:617,0
DA:618,0
DA:619,0
DA:620,0
DA:621,0
DA:622,0
DA:623,0
DA:624,0
DA:625,0
DA:626,0
DA:627,0
DA:628,0
DA:629,0
DA:630,0
DA:633,0
DA:637,0
DA:639,0
DA:641,0
DA:642,0
DA:644,0
DA:648,0
DA:650,0
DA:653,0
DA:654,0
DA:655,0
DA:656,0
DA:658,0
DA:662,0
DA:665,0
DA:669,0
DA:672,0
DA:673,0
DA:676,0
DA:680,0
DA:684,0
DA:686,0
DA:687,0
DA:689,0
DA:690,0
DA:691,0
DA:692,0
DA:693,0
DA:694,0
DA:695,0
DA:696,0
DA:697,0
DA:698,0
DA:700,0
DA:701,0
DA:704,0
DA:705,0
DA:706,0
DA:708,0
DA:709,0
DA:717,0
DA:720,0
DA:723,0
DA:724,0
DA:729,0
DA:730,0
DA:732,0
DA:733,0
DA:735,0
DA:739,0
DA:742,0
DA:743,0
DA:749,0
DA:750,0
DA:751,0
DA:752,0
DA:753,0
DA:756,0
DA:757,0
DA:758,0
DA:760,0
DA:761,0
DA:762,0
DA:763,0
DA:765,0
DA:766,0
DA:769,0
DA:772,0
DA:773,0
DA:778,0
DA:779,0
DA:781,0
DA:782,0
DA:785,0
DA:786,0
DA:787,0
DA:789,0
DA:790,0
DA:792,0
DA:793,0
DA:794,0
DA:795,0
DA:797,0
DA:798,0
DA:800,0
DA:802,0
DA:805,0
DA:806,0
DA:808,0
DA:809,0
DA:812,0
DA:814,0
DA:815,0
DA:822,0
DA:823,0
DA:826,0
DA:829,0
DA:830,0
DA:831,0
DA:832,0
DA:834,0
DA:835,0
DA:836,0
DA:837,0
DA:839,0
DA:840,0
DA:841,0
DA:842,0
DA:844,0
DA:845,0
DA:846,0
DA:847,0
DA:849,0
DA:850,0
DA:851,0
DA:852,0
DA:854,0
DA:855,0
DA:856,0
DA:857,0
DA:859,0
DA:860,0
DA:861,0
DA:862,0
DA:864,0
DA:865,0
DA:869,0
DA:873,0
DA:876,0
DA:877,0
DA:880,0
DA:884,0
DA:886,0
DA:887,0
DA:888,0
DA:889,0
DA:890,0
DA:891,0
DA:892,0
DA:893,0
DA:894,0
DA:895,0
DA:896,0
DA:897,0
DA:900,0
DA:901,0
DA:902,0
DA:904,0
DA:905,0
DA:913,0
DA:916,0
DA:919,0
DA:920,0
DA:925,0
DA:926,0
DA:928,0
DA:929,0
DA:931,0
DA:935,0
DA:938,0
DA:945,0
DA:946,0
DA:947,0
DA:948,0
DA:949,0
DA:950,0
DA:951,0
DA:952,0
DA:953,0
DA:954,0
DA:955,0
DA:956,0
DA:957,0
DA:958,0
DA:960,0
DA:961,0
DA:962,0
DA:963,0
DA:964,0
DA:965,0
DA:966,0
DA:967,0
DA:968,0
DA:969,0
DA:970,0
DA:971,0
DA:972,0
DA:973,0
DA:976,0
DA:977,0
DA:978,0
DA:979,0
DA:980,0
DA:984,0
DA:986,0
DA:989,0
DA:992,0
DA:1001,0
DA:1002,0
DA:1003,0
DA:1004,0
DA:1005,0
DA:1006,0
DA:1007,0
DA:1008,0
DA:1009,0
DA:1010,0
DA:1011,0
DA:1012,0
DA:1013,0
DA:1015,0
DA:1016,0
DA:1017,0
DA:1018,0
DA:1019,0
DA:1020,0
DA:1021,0
DA:1022,0
DA:1023,0
DA:1024,0
DA:1025,0
DA:1026,0
DA:1029,0
DA:1030,0
DA:1031,0
DA:1032,0
DA:1033,0
DA:1037,0
DA:1039,0
DA:1042,0
DA:1046,0
DA:1054,0
DA:1055,0
DA:1056,0
DA:1057,0
DA:1058,0
DA:1059,0
DA:1060,0
DA:1061,0
DA:1062,0
DA:1063,0
DA:1064,0
DA:1065,0
DA:1066,0
DA:1068,0
DA:1069,0
DA:1070,0
DA:1071,0
DA:1072,0
DA:1073,0
DA:1074,0
DA:1075,0
DA:1076,0
DA:1077,0
DA:1078,0
DA:1079,0
DA:1082,0
DA:1083,0
DA:1084,0
DA:1085,0
DA:1086,0
DA:1090,0
DA:1092,0
DA:1095,0
DA:1101,0
DA:1104,0
DA:1105,0
DA:1113,0
DA:1114,0
DA:1115,0
DA:1116,0
DA:1117,0
DA:1120,0
DA:1121,0
DA:1122,0
DA:1124,0
DA:1125,0
DA:1126,0
DA:1127,0
DA:1129,0
DA:1130,0
DA:1133,0
DA:1135,0
DA:1136,0
DA:1137,0
DA:1138,0
DA:1139,0
DA:1140,0
DA:1141,0
DA:1142,0
DA:1143,0
DA:1144,0
DA:1145,0
DA:1146,0
DA:1147,0
DA:1148,0
DA:1149,0
DA:1150,0
DA:1151,0
DA:1152,0
DA:1153,0
DA:1155,0
DA:1156,0
DA:1160,0
DA:1165,0
DA:1166,0
DA:1168,0
DA:1170,0
DA:1174,0
DA:1175,0
DA:1177,0
DA:1179,0
DA:1180,0
DA:1181,0
DA:1182,0
DA:1183,0
DA:1185,0
DA:1186,0
DA:1195,0
DA:1198,0
DA:1201,0
DA:1204,0
DA:1205,0
DA:1206,0
DA:1208,0
DA:1209,0
DA:1210,0
DA:1211,0
DA:1212,0
DA:1213,0
DA:1215,0
DA:1216,0
DA:1217,0
DA:1219,0
DA:1221,0
DA:1222,0
DA:1226,0
DA:1228,0
DA:1238,0
DA:1239,0
DA:1240,0
DA:1243,0
DA:1245,0
DA:1247,0
DA:1249,0
DA:1251,0
DA:1252,0
DA:1254,0
DA:1255,0
DA:1256,0
DA:1257,0
DA:1258,0
DA:1259,0
DA:1260,0
DA:1261,0
DA:1262,0
DA:1264,0
DA:1266,0
DA:1267,0
DA:1268,0
DA:1269,0
DA:1271,0
DA:1272,0
DA:1275,0
DA:1278,0
DA:1281,0
DA:1282,0
DA:1283,0
DA:1284,0
DA:1285,0
DA:1287,0
DA:1289,0
DA:1292,0
DA:1293,0
DA:1294,0
DA:1300,0
DA:1301,0
DA:1303,0
DA:1304,0
DA:1305,0
DA:1306,0
DA:1307,0
DA:1308,0
DA:1309,0
DA:1310,0
DA:1311,0
DA:1312,0
DA:1313,0
DA:1314,0
DA:1315,0
DA:1316,0
DA:1317,0
DA:1318,0
DA:1319,0
DA:1320,0
DA:1321,0
DA:1326,0
DA:1327,0
DA:1328,0
DA:1329,0
DA:1330,0
DA:1331,0
DA:1333,0
DA:1337,0
DA:1339,0
DA:1341,0
DA:1342,0
DA:1343,0
DA:1344,0
DA:1345,0
DA:1346,0
DA:1347,0
DA:1348,0
DA:1349,0
DA:1351,0
DA:1360,0
DA:1366,0
DA:1371,0
DA:1373,0
DA:1375,0
DA:1381,0
DA:1382,0
DA:1383,0
DA:1384,0
DA:1385,0
DA:1386,0
DA:1387,0
DA:1392,0
DA:1393,0
DA:1394,0
DA:1395,0
DA:1396,0
DA:1397,0
DA:1398,0
DA:1399,0
DA:1400,0
DA:1401,0
DA:1402,0
DA:1403,0
DA:1404,0
DA:1405,0
DA:1408,0
DA:1409,0
DA:1410,0
DA:1411,0
DA:1414,0
DA:1415,0
DA:1420,0
DA:1425,0
DA:1427,0
DA:1428,0
DA:1429,0
DA:1431,0
end_of_record
TN:
SF:/home/fuzz/project/fuzzing_libtiff/tiff-4.0.4/libtiff/tif_zip.c
FN:90,ZIPFixupTags
FNDA:6,ZIPFixupTags
FN:97,ZIPSetupDecode
FNDA:0,ZIPSetupDecode
FN:123,ZIPPreDecode
FNDA:0,ZIPPreDecode
FN:149,ZIPDecode
FNDA:0,ZIPDecode
FN:204,ZIPSetupEncode
FNDA:0,ZIPSetupEncode
FN:228,ZIPPreEncode
FNDA:0,ZIPPreEncode
FN:256,ZIPEncode
FNDA:0,ZIPEncode
FN:298,ZIPPostEncode
FNDA:0,ZIPPostEncode
FN:328,ZIPCleanup
FNDA:6,ZIPCleanup
[...]
FN:305,_TIFFmemcpy
FNDA:570,_TIFFmemcpy
FN:311,_TIFFmemcmp
FNDA:0,_TIFFmemcmp
FN:317,unixWarningHandler
FNDA:205,unixWarningHandler
FN:328,unixErrorHandler
FNDA:28,unixErrorHandler
DA:65,39
DA:68,39
DA:69,39
DA:71,0
DA:72,0
DA:74,39
DA:75,39
DA:79,0
DA:82,0
DA:83,0
DA:85,0
DA:86,0
DA:88,0
DA:89,0
DA:93,0
DA:96,0
DA:97,0
DA:99,0
DA:100,0
DA:102,0
DA:103,0
DA:107,38
DA:110,38
DA:111,38
DA:115,56
DA:119,56
DA:120,56
DA:121,0
DA:123,56
DA:130,38
DA:132,38
DA:133,38
DA:134,38
DA:136,38
DA:137,38
DA:139,38
DA:140,38
DA:141,38
DA:144,0
DA:148,39
DA:151,39
DA:152,39
DA:172,39
DA:177,39
DA:178,39
DA:183,39
DA:184,38
DA:185,39
DA:192,39
DA:198,39
DA:199,39
DA:200,0
DA:207,39
DA:208,39
DA:209,0
DA:210,0
DA:212,0
DA:214,0
DA:217,39
DA:218,39
DA:219,1
DA:220,39
DA:278,500
DA:280,500
DA:281,0
DA:283,500
DA:287,946
DA:289,946
DA:290,946
DA:293,603
DA:295,603
DA:299,244
DA:301,244
DA:302,244
DA:305,570
DA:307,570
DA:308,570
DA:311,0
DA:313,0
DA:317,205
DA:319,205
DA:320,205
DA:321,205
DA:322,205
DA:323,205
DA:324,205
DA:328,28
DA:330,28
DA:331,28
DA:332,28
DA:333,28
DA:334,28
end_of_record
TN:
SF:/home/fuzz/project/fuzzing_libtiff/tiff-4.0.4/libtiff/tif_jpeg.c
FN:213,TIFFjpeg_error_exit
FNDA:0,TIFFjpeg_error_exit
FN:230,TIFFjpeg_output_message
FNDA:0,TIFFjpeg_output_message
FN:248,TIFFjpeg_create_compress
FNDA:0,TIFFjpeg_create_compress
FN:259,TIFFjpeg_create_decompress
FNDA:0,TIFFjpeg_create_decompress
FN:270,TIFFjpeg_set_defaults
FNDA:0,TIFFjpeg_set_defaults
FN:276,TIFFjpeg_set_colorspace
FNDA:0,TIFFjpeg_set_colorspace
FN:282,TIFFjpeg_set_quality
FNDA:0,TIFFjpeg_set_quality
FN:289,TIFFjpeg_suppress_tables
FNDA:0,TIFFjpeg_suppress_tables
FN:295,TIFFjpeg_start_compress
FNDA:0,TIFFjpeg_start_compress
FN:302,TIFFjpeg_write_scanlines
FNDA:0,TIFFjpeg_write_scanlines
FN:309,TIFFjpeg_write_raw_data
FNDA:0,TIFFjpeg_write_raw_data
FN:316,TIFFjpeg_finish_compress
FNDA:0,TIFFjpeg_finish_compress
FN:322,TIFFjpeg_write_tables
FNDA:0,TIFFjpeg_write_tables
FN:328,TIFFjpeg_read_header
FNDA:0,TIFFjpeg_read_header
FN:334,TIFFjpeg_start_decompress
FNDA:0,TIFFjpeg_start_decompress
FN:340,TIFFjpeg_read_scanlines
FNDA:0,TIFFjpeg_read_scanlines
FN:347,TIFFjpeg_read_raw_data
FNDA:0,TIFFjpeg_read_raw_data
FN:354,TIFFjpeg_finish_decompress
FNDA:0,TIFFjpeg_finish_decompress
FN:360,TIFFjpeg_abort
FNDA:0,TIFFjpeg_abort
FN:366,TIFFjpeg_destroy
FNDA:0,TIFFjpeg_destroy
FN:372,TIFFjpeg_alloc_sarray
FNDA:0,TIFFjpeg_alloc_sarray
FN:387,std_init_destination
FNDA:0,std_init_destination
FN:397,std_empty_output_buffer
FNDA:0,std_empty_output_buffer
FN:425,std_term_destination
FNDA:0,std_term_destination
FN:437,TIFFjpeg_data_dest
FNDA:0,TIFFjpeg_data_dest
FN:451,tables_init_destination
FNDA:0,tables_init_destination
FN:461,tables_empty_output_buffer
FNDA:0,tables_empty_output_buffer
FN:479,tables_term_destination
FNDA:0,tables_term_destination
FN:488,TIFFjpeg_tables_dest
FNDA:0,TIFFjpeg_tables_dest
FN:517,std_init_source
FNDA:0,std_init_source
FN:527,std_fill_input_buffer
FNDA:0,std_fill_input_buffer
FN:563,std_skip_input_data
FNDA:0,std_skip_input_data
FN:579,std_term_source
FNDA:0,std_term_source
FN:586,TIFFjpeg_data_src
FNDA:0,TIFFjpeg_data_src
FN:605,tables_init_source
FNDA:0,tables_init_source
FN:614,TIFFjpeg_tables_src
FNDA:0,TIFFjpeg_tables_src
FN:628,alloc_downsampled_buffers
FNDA:0,alloc_downsampled_buffers
FN:691,JPEGFixupTags
FNDA:0,JPEGFixupTags
FN:706,JPEGFixupTagsSubsampling
FNDA:0,JPEGFixupTagsSubsampling
FN:764,JPEGFixupTagsSubsamplingSec
FNDA:0,JPEGFixupTagsSubsamplingSec
FN:881,JPEGFixupTagsSubsamplingReadByte
FNDA:0,JPEGFixupTagsSubsamplingReadByte
FN:911,JPEGFixupTagsSubsamplingReadWord
FNDA:0,JPEGFixupTagsSubsamplingReadWord
FN:924,JPEGFixupTagsSubsamplingSkip
FNDA:0,JPEGFixupTagsSubsamplingSkip
FN:954,JPEGSetupDecode
FNDA:0,JPEGSetupDecode
FN:1002,JPEGPreDecode
FNDA:0,JPEGPreDecode
FN:1179,JPEGDecode
FNDA:0,JPEGDecode
FN:1340,DecodeRowError
FNDA:0,DecodeRowError
FN:1357,JPEGDecodeRaw
FNDA:0,JPEGDecodeRaw
FN:1499,unsuppress_quant_table
FNDA:0,unsuppress_quant_table
FN:1508,suppress_quant_table
FNDA:0,suppress_quant_table
FN:1517,unsuppress_huff_table
FNDA:0,unsuppress_huff_table
FN:1528,suppress_huff_table
FNDA:0,suppress_huff_table
FN:1539,prepare_JPEGTables
FNDA:0,prepare_JPEGTables
FN:1571,JPEGSetupEncode
FNDA:0,JPEGSetupEncode
FN:1731,JPEGPreEncode
FNDA:0,JPEGPreEncode
FN:1868,JPEGEncode
FNDA:0,JPEGEncode
FN:1939,JPEGEncodeRaw
FNDA:0,JPEGEncodeRaw
FN:2023,JPEGPostEncode
FNDA:0,JPEGPostEncode
FN:2058,JPEGCleanup
FNDA:0,JPEGCleanup
FN:2078,JPEGResetUpsampled
FNDA:0,JPEGResetUpsampled
FN:2113,JPEGVSetField
FNDA:0,JPEGVSetField
FN:2169,JPEGVGetField
FNDA:0,JPEGVGetField
FN:2196,JPEGPrintDir
FNDA:0,JPEGPrintDir
FN:2213,JPEGDefaultStripSize
FNDA:0,JPEGDefaultStripSize
FN:2225,JPEGDefaultTileSize
FNDA:0,JPEGDefaultTileSize
FN:2257,JPEGInitializeLibJPEG
FNDA:0,JPEGInitializeLibJPEG
FN:2290,TIFFInitJPEG
FNDA:0,TIFFInitJPEG
DA:213,0
DA:215,0
DA:218,0
DA:219,0
DA:220,0
DA:221,0
DA:230,0
DA:234,0
DA:235,0
DA:236,0
DA:248,0
DA:251,0
DA:252,0
DA:253,0
DA:255,0
DA:259,0
DA:262,0
DA:263,0
DA:264,0
DA:266,0
DA:270,0
DA:272,0
DA:276,0
DA:278,0
DA:282,0
DA:284,0
DA:289,0
DA:291,0
DA:295,0
DA:297,0
DA:302,0
DA:304,0
DA:309,0
DA:311,0
DA:316,0
DA:318,0
DA:322,0
DA:324,0
DA:328,0
DA:330,0
DA:334,0
DA:336,0
DA:340,0
DA:342,0
DA:347,0
DA:349,0
DA:354,0
DA:356,0
DA:360,0
DA:362,0
DA:366,0
DA:368,0
DA:372,0
DA:375,0
DA:387,0
DA:389,0
DA:390,0
DA:392,0
DA:393,0
DA:394,0
DA:397,0
DA:399,0
DA:400,0
DA:403,0
DA:417,0
DA:418,0
DA:419,0
DA:421,0
DA:425,0
DA:427,0
DA:428,0
DA:430,0
DA:431,0
DA:432,0
DA:434,0
DA:437,0
DA:440,0
DA:441,0
DA:442,0
DA:443,0
DA:444,0
DA:451,0
DA:453,0
DA:456,0
DA:457,0
DA:458,0
DA:461,0
DA:463,0
DA:467,0
DA:468,0
DA:469,0
DA:470,0
DA:471,0
DA:472,0
DA:473,0
DA:474,0
DA:475,0
DA:479,0
DA:481,0
DA:484,0
DA:485,0
DA:488,0
DA:495,0
DA:496,0
DA:497,0
DA:498,0
DA:499,0
DA:500,0
DA:501,0
DA:502,0
DA:504,0
DA:505,0
DA:506,0
DA:507,0
DA:508,0
DA:517,0
DA:519,0
DA:520,0
DA:522,0
DA:523,0
DA:524,0
DA:527,0
DA:529,0
DA:555,0
DA:557,0
DA:558,0
DA:559,0
DA:563,0
DA:565,0
DA:567,0
DA:568,0
DA:570,0
DA:572,0
DA:573,0
DA:576,0
DA:579,0
DA:583,0
DA:586,0
DA:589,0
DA:590,0
DA:591,0
DA:592,0
DA:593,0
DA:594,0
DA:595,0
DA:596,0
DA:597,0
DA:605,0
DA:607,0
DA:609,0
DA:610,0
DA:611,0
DA:614,0
DA:616,0
DA:617,0
DA:618,0
DA:628,0
DA:631,0
DA:635,0
DA:637,0
DA:638,0
DA:639,0
DA:640,0
DA:641,0
DA:642,0
DA:643,0
DA:644,0
DA:645,0
DA:646,0
DA:648,0
DA:649,0
DA:691,0
DA:694,0
DA:695,0
DA:696,0
DA:697,0
DA:700,0
DA:706,0
DA:731,0
DA:733,0
DA:734,0
DA:735,0
DA:740,0
DA:743,0
DA:744,0
DA:745,0
DA:746,0
DA:748,0
DA:750,0
DA:752,0
DA:753,0
DA:754,0
DA:755,0
DA:756,0
DA:757,0
DA:758,0
DA:760,0
DA:764,0
DA:768,0
DA:772,0
DA:773,0
DA:774,0
DA:775,0
DA:779,0
DA:780,0
DA:781,0
DA:782,0
DA:784,0
DA:786,0
DA:788,0
DA:789,0
DA:813,0
DA:814,0
DA:815,0
DA:816,0
DA:817,0
DA:818,0
DA:819,0
DA:821,0
DA:822,0
DA:833,0
DA:834,0
DA:835,0
DA:836,0
DA:837,0
DA:838,0
DA:839,0
DA:840,0
DA:841,0
DA:842,0
DA:843,0
DA:845,0
DA:846,0
DA:847,0
DA:848,0
DA:850,0
DA:852,0
DA:854,0
DA:856,0
DA:858,0
DA:860,0
DA:862,0
DA:864,0
DA:866,0
DA:867,0
DA:869,0
DA:870,0
DA:873,0
DA:874,0
DA:875,0
DA:881,0
DA:883,0
DA:886,0
DA:887,0
DA:888,0
DA:890,0
DA:891,0
DA:893,0
DA:894,0
DA:895,0
DA:896,0
DA:897,0
DA:898,0
DA:899,0
DA:900,0
DA:901,0
DA:902,0
DA:904,0
DA:905,0
DA:906,0
DA:907,0
DA:911,0
DA:915,0
DA:916,0
DA:917,0
DA:918,0
DA:919,0
DA:920,0
DA:924,0
DA:926,0
DA:928,0
DA:929,0
DA:934,0
DA:935,0
DA:937,0
DA:938,0
DA:939,0
DA:940,0
DA:944,0
DA:945,0
DA:948,0
DA:954,0
DA:956,0
DA:957,0
DA:964,0
DA:966,0
DA:967,0
DA:970,0
DA:971,0
DA:972,0
DA:973,0
DA:974,0
DA:979,0
DA:980,0
DA:981,0
DA:982,0
DA:983,0
DA:984,0
DA:985,0
DA:987,0
DA:988,0
DA:989,0
DA:993,0
DA:994,0
DA:995,0
DA:1002,0
DA:1004,0
DA:1005,0
DA:1011,0
DA:1013,0
DA:1015,0
DA:1018,0
DA:1023,0
DA:1024,0
DA:1029,0
DA:1030,0
DA:1032,0
DA:1033,0
DA:1038,0
DA:1039,0
DA:1040,0
DA:1041,0
DA:1042,0
DA:1043,0
DA:1045,0
DA:1046,0
DA:1047,0
DA:1049,0
DA:1054,0
DA:1055,0
DA:1057,0
DA:1058,0
DA:1059,0
DA:1066,0
DA:1067,0
DA:1074,0
DA:1079,0
DA:1081,0
DA:1082,0
DA:1083,0
DA:1084,0
DA:1085,0
DA:1095,0
DA:1096,0
DA:1097,0
DA:1100,0
DA:1102,0
DA:1103,0
DA:1104,0
DA:1107,0
DA:1108,0
DA:1109,0
DA:1110,0
DA:1113,0
DA:1114,0
DA:1115,0
DA:1116,0
DA:1117,0
DA:1122,0
DA:1123,0
DA:1124,0
DA:1125,0
DA:1128,0
DA:1129,0
DA:1130,0
DA:1131,0
DA:1133,0
DA:1134,0
DA:1137,0
DA:1138,0
DA:1139,0
DA:1140,0
DA:1141,0
DA:1144,0
DA:1146,0
DA:1148,0
DA:1150,0
DA:1151,0
DA:1152,0
DA:1155,0
DA:1156,0
DA:1157,0
DA:1158,0
DA:1161,0
DA:1162,0
DA:1164,0
DA:1165,0
DA:1167,0
DA:1168,0
DA:1170,0
DA:1179,0
DA:1181,0
DA:1189,0
DA:1190,0
DA:1192,0
DA:1193,0
DA:1195,0
DA:1196,0
DA:1197,0
DA:1200,0
DA:1201,0
DA:1204,0
DA:1212,0
DA:1214,0
DA:1215,0
DA:1217,0
DA:1218,0
DA:1219,0
DA:1220,0
DA:1224,0
DA:1225,0
DA:1228,0
DA:1229,0
DA:1340,0
DA:1347,0
DA:1349,0
DA:1357,0
DA:1359,0
DA:1364,0
DA:1367,0
DA:1368,0
DA:1385,0
DA:1386,0
DA:1388,0
DA:1392,0
DA:1393,0
DA:1394,0
DA:1395,0
DA:1396,0
DA:1402,0
DA:1403,0
DA:1404,0
DA:1405,0
DA:1406,0
DA:1407,0
DA:1410,0
DA:1411,0
DA:1416,0
DA:1417,0
DA:1418,0
DA:1420,0
DA:1424,0
DA:1426,0
DA:1427,0
DA:1428,0
DA:1434,0
DA:1435,0
DA:1436,0
DA:1437,0
DA:1440,0
DA:1473,0
DA:1474,0
DA:1476,0
DA:1477,0
DA:1479,0
DA:1480,0
DA:1489,0
DA:1490,0
DA:1499,0
DA:1503,0
DA:1504,0
DA:1505,0
DA:1508,0
DA:1512,0
DA:1513,0
DA:1514,0
DA:1517,0
DA:1521,0
DA:1522,0
DA:1523,0
DA:1524,0
DA:1525,0
DA:1528,0
DA:1532,0
DA:1533,0
DA:1534,0
DA:1535,0
DA:1536,0
DA:1539,0
DA:1541,0
DA:1544,0
DA:1545,0
DA:1548,0
DA:1549,0
DA:1550,0
DA:1551,0
DA:1552,0
DA:1553,0
DA:1555,0
DA:1556,0
DA:1557,0
DA:1558,0
DA:1561,0
DA:1562,0
DA:1564,0
DA:1565,0
DA:1567,0
DA:1571,0
DA:1573,0
DA:1574,0
DA:1582,0
DA:1584,0
DA:1585,0
DA:1587,0
DA:1594,0
DA:1595,0
DA:1596,0
DA:1597,0
DA:1598,0
DA:1600,0
DA:1603,0
DA:1604,0
DA:1605,0
DA:1606,0
DA:1607,0
DA:1608,0
DA:1610,0
DA:1613,0
DA:1614,0
DA:1616,0
DA:1617,0
DA:1619,0
DA:1620,0
DA:1621,0
DA:1622,0
DA:1630,0
DA:1633,0
DA:1634,0
DA:1635,0
DA:1636,0
DA:1637,0
DA:1638,0
DA:1639,0
DA:1640,0
DA:1644,0
DA:1645,0
DA:1647,0
DA:1649,0
DA:1650,0
DA:1651,0
DA:1653,0
DA:1654,0
DA:1655,0
DA:1669,0
DA:1672,0
DA:1673,0
DA:1674,0
DA:1676,0
DA:1680,0
DA:1681,0
DA:1682,0
DA:1684,0
DA:1685,0
DA:1687,0
DA:1688,0
DA:1690,0
DA:1691,0
DA:1694,0
DA:1695,0
DA:1696,0
DA:1698,0
DA:1699,0
DA:1704,0
DA:1705,0
DA:1706,0
DA:1708,0
DA:1709,0
DA:1712,0
DA:1713,0
DA:1718,0
DA:1722,0
DA:1724,0
DA:1731,0
DA:1733,0
DA:1734,0
DA:1739,0
DA:1741,0
DA:1743,0
DA:1746,0
DA:1750,0
DA:1751,0
DA:1752,0
DA:1753,0
DA:1755,0
DA:1756,0
DA:1757,0
DA:1758,0
DA:1759,0
DA:1761,0
DA:1765,0
DA:1766,0
DA:1768,0
DA:1769,0
DA:1770,0
DA:1772,0
DA:1773,0
DA:1774,0
DA:1775,0
DA:1776,0
DA:1777,0
DA:1778,0
DA:1779,0
DA:1780,0
DA:1782,0
DA:1783,0
DA:1788,0
DA:1789,0
DA:1791,0
DA:1792,0
DA:1796,0
DA:1797,0
DA:1798,0
DA:1800,0
DA:1801,0
DA:1802,0
DA:1803,0
DA:1807,0
DA:1808,0
DA:1815,0
DA:1816,0
DA:1817,0
DA:1818,0
DA:1819,0
DA:1822,0
DA:1823,0
DA:1825,0
DA:1830,0
DA:1831,0
DA:1832,0
DA:1835,0
DA:1836,0
DA:1838,0
DA:1839,0
DA:1840,0
DA:1841,0
DA:1844,0
DA:1845,0
DA:1846,0
DA:1847,0
DA:1850,0
DA:1851,0
DA:1853,0
DA:1854,0
DA:1856,0
DA:1858,0
DA:1860,0
DA:1868,0
DA:1870,0
DA:1873,0
DA:1874,0
DA:1877,0
DA:1879,0
DA:1880,0
DA:1881,0
DA:1885,0
DA:1886,0
DA:1888,0
DA:1890,0
DA:1891,0
DA:1895,0
DA:1897,0
DA:1900,0
DA:1903,0
DA:1905,0
DA:1907,0
DA:1908,0
DA:1909,0
DA:1911,0
DA:1912,0
DA:1917,0
DA:1919,0
DA:1920,0
DA:1921,0
DA:1922,0
DA:1923,0
DA:1926,0
DA:1928,0
DA:1931,0
DA:1939,0
DA:1941,0
DA:1948,0
DA:1952,0
DA:1956,0
DA:1957,0
DA:1958,0
DA:1960,0
DA:1961,0
DA:1962,0
DA:1965,0
DA:1967,0
DA:1972,0
DA:1973,0
DA:1974,0
DA:1975,0
DA:1976,0
DA:1977,0
DA:1978,0
DA:1979,0
DA:1980,0
DA:1981,0
DA:1982,0
DA:1983,0
DA:1985,0
DA:1986,0
DA:1987,0
DA:1991,0
DA:1992,0
DA:1993,0
DA:1994,0
DA:1998,0
DA:1999,0
DA:2000,0
DA:2002,0
DA:2005,0
DA:2006,0
DA:2007,0
DA:2008,0
DA:2009,0
DA:2010,0
DA:2012,0
DA:2013,0
DA:2014,0
DA:2016,0
DA:2023,0
DA:2025,0
DA:2027,0
DA:2035,0
DA:2036,0
DA:2037,0
DA:2038,0
DA:2039,0
DA:2041,0
DA:2042,0
DA:2043,0
DA:2044,0
DA:2049,0
DA:2050,0
DA:2051,0
DA:2054,0
DA:2058,0
DA:2060,0
DA:2062,0
DA:2064,0
DA:2065,0
DA:2066,0
DA:2067,0
DA:2068,0
DA:2069,0
DA:2070,0
DA:2071,0
DA:2072,0
DA:2074,0
DA:2075,0
DA:2078,0
DA:2080,0
DA:2081,0
DA:2088,0
DA:2089,0
DA:2090,0
DA:2091,0
DA:2092,0
DA:2106,0
DA:2107,0
DA:2108,0
DA:2109,0
DA:2110,0
DA:2113,0
DA:2115,0
DA:2119,0
DA:2121,0
DA:2122,0
DA:2123,0
DA:2124,0
DA:2126,0
DA:2128,0
DA:2130,0
DA:2131,0
DA:2132,0
DA:2133,0
DA:2134,0
DA:2135,0
DA:2136,0
DA:2137,0
DA:2138,0
DA:2139,0
DA:2140,0
DA:2142,0
DA:2143,0
DA:2144,0
DA:2146,0
DA:2147,0
DA:2148,0
DA:2149,0
DA:2151,0
DA:2153,0
DA:2154,0
DA:2155,0
DA:2158,0
DA:2159,0
DA:2161,0
DA:2164,0
DA:2165,0
DA:2169,0
DA:2171,0
DA:2173,0
DA:2175,0
DA:2176,0
DA:2177,0
DA:2178,0
DA:2179,0
DA:2180,0
DA:2181,0
DA:2182,0
DA:2183,0
DA:2184,0
DA:2185,0
DA:2186,0
DA:2187,0
DA:2188,0
DA:2189,0
DA:2190,0
DA:2192,0
DA:2196,0
DA:2198,0
DA:2200,0
DA:2203,0
DA:2204,0
DA:2205,0
DA:2206,0
DA:2207,0
DA:2208,0
DA:2210,0
DA:2213,0
DA:2215,0
DA:2216,0
DA:2218,0
DA:2219,0
DA:2220,0
DA:2221,0
DA:2225,0
DA:2227,0
DA:2228,0
DA:2230,0
DA:2231,0
DA:2232,0
DA:2233,0
DA:2257,0
DA:2259,0
DA:2261,0
DA:2263,0
DA:2264,0
DA:2265,0
DA:2266,0
DA:2268,0
DA:2270,0
DA:2276,0
DA:2277,0
DA:2278,0
DA:2280,0
DA:2281,0
DA:2284,0
DA:2286,0
DA:2290,0
DA:2294,0
DA:2299,0
DA:2300,0
DA:2303,0
DA:2309,0
DA:2311,0
DA:2312,0
DA:2314,0
DA:2316,0
DA:2318,0
DA:2319,0
DA:2324,0
DA:2325,0
DA:2326,0
DA:2327,0
DA:2328,0
DA:2329,0
DA:2332,0
DA:2333,0
DA:2334,0
DA:2335,0
DA:2336,0
DA:2337,0
DA:2342,0
DA:2343,0
DA:2344,0
DA:2345,0
DA:2346,0
DA:2347,0
DA:2348,0
DA:2349,0
DA:2350,0
DA:2351,0
DA:2352,0
DA:2353,0
DA:2354,0
DA:2355,0
DA:2356,0
DA:2357,0
DA:2358,0
DA:2359,0
DA:2361,0
DA:2369,0
DA:2380,0
DA:2381,0
DA:2383,0
DA:2387,0
end_of_record
TN:
SF:/home/fuzz/project/fuzzing_libtiff/tiff-4.0.4/libtiff/tif_tile.c
FN:38,TIFFComputeTile
FNDA:0,TIFFComputeTile
FN:75,TIFFCheckTile
FNDA:0,TIFFCheckTile
FN:115,TIFFNumberOfTiles
FNDA:0,TIFFNumberOfTiles
FN:144,TIFFTileRowSize64
FNDA:0,TIFFTileRowSize64
FN:182,TIFFTileRowSize
FNDA:0,TIFFTileRowSize
FN:201,TIFFVTileSize64
FNDA:0,TIFFVTileSize64
FN:249,TIFFVTileSize
FNDA:0,TIFFVTileSize
FN:268,TIFFTileSize64
FNDA:0,TIFFTileSize64
FN:273,TIFFTileSize
FNDA:0,TIFFTileSize
FN:295,TIFFDefaultTileSize
FNDA:0,TIFFDefaultTileSize
FN:301,_TIFFDefaultTileSize
FNDA:0,_TIFFDefaultTileSize
DA:38,0
DA:40,0
DA:41,0
DA:42,0
DA:43,0
DA:44,0
DA:46,0
DA:47,0
DA:48,0
DA:49,0
DA:50,0
DA:51,0
DA:52,0
DA:53,0
DA:54,0
DA:55,0
DA:56,0
DA:57,0
DA:59,0
DA:60,0
DA:61,0
DA:62,0
DA:63,0
DA:65,0
DA:67,0
DA:75,0
DA:77,0
DA:79,0
DA:80,0
DA:83,0
DA:84,0
DA:86,0
DA:87,0
DA:90,0
DA:91,0
DA:93,0
DA:94,0
DA:97,0
DA:98,0
DA:100,0
DA:101,0
DA:102,0
DA:105,0
DA:106,0
DA:108,0
DA:115,0
DA:117,0
DA:118,0
DA:119,0
DA:120,0
DA:123,0
DA:124,0
DA:125,0
DA:126,0
DA:127,0
DA:128,0
DA:129,0
DA:130,0
DA:131,0
DA:133,0
DA:134,0
DA:135,0
DA:137,0
DA:144,0
DA:147,0
DA:151,0
DA:153,0
DA:154,0
DA:156,0
DA:158,0
DA:159,0
DA:161,0
DA:163,0
DA:165,0
DA:167,0
DA:168,0
DA:170,0
DA:173,0
DA:174,0
DA:176,0
DA:177,0
DA:179,0
DA:182,0
DA:187,0
DA:188,0
DA:189,0
DA:191,0
DA:192,0
DA:194,0
DA:201,0
DA:204,0
DA:205,0
DA:206,0
DA:207,0
DA:208,0
DA:209,0
DA:210,0
DA:211,0
DA:227,0
DA:229,0
DA:230,0
DA:232,0
DA:234,0
DA:235,0
DA:236,0
DA:238,0
DA:239,0
DA:240,0
DA:241,0
DA:242,0
DA:243,0
DA:246,0
DA:249,0
DA:254,0
DA:255,0
DA:256,0
DA:258,0
DA:259,0
DA:261,0
DA:268,0
DA:270,0
DA:273,0
DA:278,0
DA:279,0
DA:280,0
DA:282,0
DA:283,0
DA:285,0
DA:295,0
DA:297,0
DA:298,0
DA:301,0
DA:304,0
DA:305,0
DA:306,0
DA:307,0
DA:309,0
DA:310,0
DA:311,0
DA:312,0
DA:313,0
end_of_record
TN:
SF:/home/fuzz/project/fuzzing_libtiff/tiff-4.0.4/libtiff/tif_jbig.c
FN:40,JBIGSetupDecode
FNDA:0,JBIGSetupDecode
FN:51,JBIGDecode
FNDA:0,JBIGDecode
FN:106,JBIGSetupEncode
FNDA:0,JBIGSetupEncode
FN:117,JBIGCopyEncodedData
FNDA:0,JBIGCopyEncodedData
FN:145,JBIGOutputBie
FNDA:0,JBIGOutputBie
FN:157,JBIGEncode
FNDA:0,JBIGEncode
FN:181,TIFFInitJBIG
FNDA:0,TIFFInitJBIG
DA:40,0
DA:42,0
DA:44,0
DA:45,0
DA:48,0
DA:51,0
DA:54,0
DA:55,0
DA:58,0
DA:60,0
DA:63,0
DA:66,0
DA:79,0
DA:80,0
DA:81,0
DA:88,0
DA:97,0
DA:100,0
DA:101,0
DA:102,0
DA:103,0
DA:106,0
DA:108,0
DA:110,0
DA:111,0
DA:114,0
DA:117,0
DA:120,0
DA:122,0
DA:124,0
DA:126,0
DA:129,0
DA:130,0
DA:131,0
DA:132,0
DA:133,0
DA:134,0
DA:135,0
DA:136,0
DA:138,0
DA:142,0
DA:145,0
DA:147,0
DA:149,0
DA:151,0
DA:154,0
DA:155,0
DA:157,0
DA:159,0
DA:164,0
DA:165,0
DA:166,0
DA:175,0
DA:176,0
DA:178,0
DA:181,0
DA:183,0
DA:190,0
DA:191,0
DA:194,0
DA:195,0
DA:197,0
DA:198,0
DA:200,0
end_of_record
TN:
SF:/home/fuzz/project/fuzzing_libtiff/tiff-4.0.4/libtiff/tif_codec.c
FN:106,_notConfigured
FNDA:0,_notConfigured
FN:120,NotConfigured
FNDA:0,NotConfigured
FN:144,TIFFIsCODECConfigured
FNDA:0,TIFFIsCODECConfigured
DA:106,0
DA:108,0
DA:111,0
DA:112,0
DA:113,0
DA:116,0
DA:120,0
DA:124,0
DA:125,0
DA:126,0
DA:127,0
DA:128,0
DA:129,0
DA:144,0
DA:146,0
DA:148,0
DA:149,0
DA:151,0
DA:152,0
DA:154,0
DA:155,0
DA:157,0
end_of_record
TN:
SF:/home/fuzz/project/fuzzing_libtiff/tiff-4.0.4/tools/tiffinfo.c
FN:59,PrivateErrorHandler
FNDA:28,PrivateErrorHandler
FN:67,main
FNDA:39,main
FN:187,usage
FNDA:0,usage
FN:200,ShowStrip
FNDA:0,ShowStrip
FN:216,TIFFReadContigStripData
FNDA:0,TIFFReadContigStripData
FN:243,TIFFReadSeparateStripData
FNDA:0,TIFFReadSeparateStripData
FN:274,ShowTile
FNDA:0,ShowTile
FN:294,TIFFReadContigTileData
FNDA:0,TIFFReadContigTileData
FN:322,TIFFReadSeparateTileData
FNDA:0,TIFFReadSeparateTileData
FN:354,TIFFReadData
FNDA:0,TIFFReadData
FN:373,ShowRawBytes
FNDA:0,ShowRawBytes
FN:386,ShowRawWords
FNDA:0,ShowRawWords
FN:399,TIFFReadRawData
FNDA:38,TIFFReadRawData
FN:447,tiffinfo
FNDA:38,tiffinfo
DA:59,28
DA:61,28
DA:62,28
DA:63,28
DA:64,28
DA:67,39
DA:69,39
DA:70,39
DA:76,39
DA:77,39
DA:78,39
DA:80,273
DA:81,234
DA:82,0
DA:85,0
DA:86,0
DA:87,0
DA:88,0
DA:90,39
DA:91,39
DA:92,39
DA:93,39
DA:94,39
DA:95,39
DA:96,0
DA:97,0
DA:98,0
DA:99,0
DA:100,0
DA:102,0
DA:103,0
DA:104,0
DA:105,0
DA:106,0
DA:107,0
DA:108,0
DA:109,0
DA:110,39
DA:111,39
DA:114,39
DA:115,39
DA:116,39
DA:117,39
DA:118,39
DA:119,39
DA:120,39
DA:121,39
DA:122,39
DA:123,39
DA:124,0
DA:125,0
DA:126,0
DA:127,0
DA:128,0
DA:131,39
DA:132,0
DA:134,39
DA:136,39
DA:137,78
DA:138,39
DA:139,0
DA:140,39
DA:141,39
DA:142,38
DA:143,0
DA:144,0
DA:145,38
DA:146,0
DA:147,0
DA:150,38
DA:152,38
DA:153,38
DA:155,0
DA:156,0
DA:159,38
DA:161,38
DA:164,39
DA:187,0
DA:192,0
DA:193,0
DA:194,0
DA:195,0
DA:196,0
DA:200,0
DA:204,0
DA:205,0
DA:206,0
DA:207,0
DA:208,0
DA:209,0
DA:211,0
DA:213,0
DA:216,0
DA:219,0
DA:221,0
DA:222,0
DA:223,0
DA:224,0
DA:226,0
DA:227,0
DA:228,0
DA:229,0
DA:230,0
DA:231,0
DA:232,0
DA:233,0
DA:234,0
DA:235,0
DA:236,0
DA:238,0
DA:240,0
DA:243,0
DA:246,0
DA:248,0
DA:249,0
DA:250,0
DA:251,0
DA:252,0
DA:254,0
DA:255,0
DA:256,0
DA:257,0
DA:258,0
DA:259,0
DA:260,0
DA:261,0
DA:262,0
DA:263,0
DA:264,0
DA:265,0
DA:266,0
DA:269,0
DA:271,0
DA:274,0
DA:279,0
DA:280,0
DA:281,0
DA:282,0
DA:283,0
DA:284,0
DA:285,0
DA:286,0
DA:287,0
DA:289,0
DA:291,0
DA:294,0
DA:297,0
DA:299,0
DA:300,0
DA:301,0
DA:304,0
DA:305,0
DA:306,0
DA:307,0
DA:308,0
DA:309,0
DA:310,0
DA:311,0
DA:312,0
DA:313,0
DA:314,0
DA:317,0
DA:319,0
DA:322,0
DA:325,0
DA:327,0
DA:328,0
DA:329,0
DA:331,0
DA:333,0
DA:334,0
DA:335,0
DA:336,0
DA:337,0
DA:338,0
DA:339,0
DA:340,0
DA:341,0
DA:342,0
DA:343,0
DA:344,0
DA:345,0
DA:349,0
DA:351,0
DA:354,0
DA:356,0
DA:358,0
DA:359,0
DA:360,0
DA:361,0
DA:363,0
DA:365,0
DA:366,0
DA:368,0
DA:370,0
DA:373,0
DA:377,0
DA:378,0
DA:379,0
DA:380,0
DA:382,0
DA:383,0
DA:386,0
DA:390,0
DA:391,0
DA:392,0
DA:393,0
DA:395,0
DA:396,0
DA:399,38
DA:401,38
DA:402,38
DA:403,38
DA:405,38
DA:406,38
DA:407,38
DA:408,38
DA:411,77
DA:412,43
DA:413,2
DA:414,2
DA:416,43
DA:417,0
DA:420,0
DA:422,43
DA:423,4
DA:425,4
DA:426,4
DA:427,39
DA:428,0
DA:429,0
DA:430,0
DA:433,0
DA:435,0
DA:436,0
DA:438,0
DA:441,38
DA:442,38
DA:444,38
DA:447,38
DA:449,38
DA:450,38
DA:451,0
DA:452,38
DA:453,38
DA:455,0
DA:457,0
DA:459,38
DA:461,0
DA:462,0
DA:463,0
end_of_record
